TN:
SF:script/Counter.s.sol
DA:10,0
FN:10,CounterScript.setUp
FNDA:0,CounterScript.setUp
DA:12,0
FN:12,CounterScript.run
FNDA:0,CounterScript.run
DA:13,0
DA:15,0
DA:17,0
FNF:2
FNH:0
LF:5
LH:0
BRF:0
BRH:0
end_of_record
TN:
SF:script/CreateInitialPools.s.sol
DA:50,120
FN:50,MockERC20.constructor.0
FNDA:120,MockERC20.constructor.0
DA:51,120
DA:52,120
DA:53,120
DA:56,290
FN:56,MockERC20.mint
FNDA:290,MockERC20.mint
DA:57,290
DA:58,290
DA:59,290
DA:62,184
FN:62,MockERC20.approve
FNDA:184,MockERC20.approve
DA:63,184
DA:64,184
DA:65,184
DA:68,34
FN:68,MockERC20.transfer
FNDA:34,MockERC20.transfer
DA:69,34
DA:70,34
DA:71,34
DA:72,34
DA:75,158
FN:75,MockERC20.transferFrom
FNDA:158,MockERC20.transferFrom
DA:76,158
DA:77,158
DA:78,158
DA:79,158
DA:80,158
DA:114,107
FN:114,GoodPool.constructor.1
FNDA:107,GoodPool.constructor.1
DA:115,107
BRDA:115,0,0,-
BRDA:115,0,1,-
DA:117,106
DA:118,107
DA:125,2
FN:125,GoodPool.setFeeBeneficiary
FNDA:2,GoodPool.setFeeBeneficiary
DA:126,2
BRDA:126,1,0,-
BRDA:126,1,1,-
DA:127,2
DA:135,69
FN:135,GoodPool.addLiquidity
FNDA:69,GoodPool.addLiquidity
DA:136,69
BRDA:136,2,0,69
BRDA:136,2,1,69
DA:138,68
DA:139,68
DA:141,68
BRDA:141,3,0,67
BRDA:141,3,1,1
DA:142,67
DA:144,1
DA:149,68
BRDA:149,4,0,-
BRDA:149,4,1,-
DA:151,68
DA:152,68
DA:153,68
DA:154,68
DA:156,67
DA:162,2
FN:162,GoodPool.removeLiquidity
FNDA:2,GoodPool.removeLiquidity
DA:163,2
BRDA:163,5,0,2
BRDA:163,5,1,2
DA:165,1
DA:166,1
DA:168,1
DA:169,1
DA:170,1
DA:171,1
DA:173,1
DA:174,1
DA:176,1
DA:185,22
FN:185,GoodPool.swap
FNDA:22,GoodPool.swap
DA:186,22
BRDA:186,6,0,22
BRDA:186,6,1,15
DA:187,21
BRDA:187,7,0,-
BRDA:187,7,1,-
DA:189,0
DA:190,21
DA:191,21
DA:193,21
DA:195,21
DA:196,21
DA:199,21
DA:200,21
BRDA:200,8,0,-
BRDA:200,8,1,-
DA:201,18
BRDA:201,9,0,-
BRDA:201,9,1,-
DA:204,18
BRDA:204,10,0,1
DA:205,1
DA:206,1
BRDA:206,11,0,1
DA:207,1
DA:208,1
DA:212,6
BRDA:212,12,0,6
BRDA:212,12,1,12
DA:213,6
DA:214,6
DA:216,12
DA:217,12
DA:220,18
DA:221,18
DA:227,8
FN:227,GoodPool.getAmountOut
FNDA:8,GoodPool.getAmountOut
DA:228,8
BRDA:228,13,0,8
BRDA:228,13,1,4
DA:229,0
DA:230,8
DA:232,4
DA:233,8
DA:240,1
FN:240,GoodPool.spotPrice
FNDA:1,GoodPool.spotPrice
DA:241,1
BRDA:241,14,0,-
DA:242,1
DA:247,67
FN:247,GoodPool._sqrt
FNDA:67,GoodPool._sqrt
DA:248,67
BRDA:248,15,0,-
DA:249,67
DA:250,67
DA:251,4933
DA:254,1
FN:254,GoodPool._min
FNDA:1,GoodPool._min
DA:255,1
DA:275,1
FN:275,CreateInitialPools.run
FNDA:1,CreateInitialPools.run
DA:276,1
DA:280,1
DA:283,1
DA:284,1
DA:285,1
DA:286,1
DA:288,1
DA:292,1
DA:294,1
DA:296,1
DA:304,1
FN:304,CreateInitialPools._deployMockTokens
FNDA:1,CreateInitialPools._deployMockTokens
DA:310,1
BRDA:310,16,0,1
DA:311,1
DA:312,1
DA:313,1
DA:314,1
DA:317,1
BRDA:317,17,0,1
DA:318,1
DA:319,1
DA:320,1
DA:321,1
DA:324,1
BRDA:324,18,0,1
DA:325,1
DA:326,1
DA:327,1
DA:328,1
DA:331,1
DA:338,1
FN:338,CreateInitialPools._deployPoolsSeedAndLog
FNDA:1,CreateInitialPools._deployPoolsSeedAndLog
DA:347,1
DA:348,1
DA:349,1
DA:351,1
DA:352,1
DA:353,1
DA:356,1
BRDA:356,19,0,-
DA:357,0
DA:358,0
DA:359,0
DA:360,0
DA:367,1
DA:368,1
DA:369,1
DA:372,1
DA:373,1
DA:374,1
DA:377,1
DA:378,1
DA:379,1
DA:384,1
DA:385,1
DA:386,1
DA:387,1
DA:388,1
DA:389,1
DA:390,1
DA:391,1
DA:392,1
DA:393,1
DA:394,1
DA:395,1
DA:396,1
DA:397,1
DA:398,1
DA:399,1
DA:400,1
DA:401,1
DA:402,1
DA:409,3
FN:409,CreateInitialPools._addLiquidity
FNDA:3,CreateInitialPools._addLiquidity
DA:418,3
BRDA:418,20,0,3
BRDA:418,20,1,-
DA:420,3
DA:423,0
FNF:18
FNH:18
LF:166
LH:159
BRF:34
BRH:18
end_of_record
TN:
SF:script/DeployAgentRegistry.s.sol
DA:12,0
FN:12,DeployAgentRegistry.run
FNDA:0,DeployAgentRegistry.run
DA:13,0
DA:14,0
DA:16,0
DA:19,0
DA:20,0
DA:26,0
DA:27,0
DA:28,0
DA:29,0
DA:30,0
DA:32,0
DA:33,0
DA:34,0
DA:35,0
DA:36,0
DA:40,0
DA:41,0
DA:42,0
DA:43,0
DA:46,0
DA:47,0
DA:48,0
DA:49,0
DA:52,0
DA:53,0
DA:54,0
DA:55,0
DA:58,0
DA:59,0
DA:60,0
DA:61,0
DA:64,0
DA:65,0
DA:67,0
DA:68,0
DA:70,0
DA:73,0
DA:74,0
DA:75,0
DA:76,0
DA:77,0
DA:78,0
FNF:1
FNH:0
LF:43
LH:0
BRF:0
BRH:0
end_of_record
TN:
SF:script/DeployFastWithdrawalLP.s.sol
DA:16,0
FN:16,DeployFastWithdrawalLP.run
FNDA:0,DeployFastWithdrawalLP.run
DA:17,0
DA:21,0
DA:24,0
DA:27,0
DA:29,0
DA:31,0
DA:33,0
DA:35,0
DA:36,0
DA:37,0
DA:38,0
FNF:1
FNH:0
LF:12
LH:0
BRF:0
BRH:0
end_of_record
TN:
SF:script/DeployGoodLend.s.sol
DA:25,0
FN:25,DeployGoodLend.run
FNDA:0,DeployGoodLend.run
DA:26,0
DA:27,0
DA:29,0
DA:32,0
DA:33,0
DA:35,0
DA:36,0
DA:39,0
DA:40,0
DA:41,0
DA:42,0
DA:45,0
DA:48,0
DA:51,0
DA:53,0
DA:57,0
DA:63,0
DA:66,0
DA:69,0
DA:72,0
DA:73,0
DA:76,0
DA:79,0
DA:82,0
DA:83,0
DA:87,0
DA:99,0
DA:111,0
DA:112,0
DA:115,0
DA:116,0
DA:119,0
DA:120,0
DA:122,0
DA:123,0
DA:124,0
DA:125,0
DA:126,0
DA:127,0
DA:128,0
DA:129,0
DA:130,0
DA:131,0
DA:132,0
DA:134,0
DA:148,0
FN:148,MockUSDC.mint.0
FNDA:0,MockUSDC.mint.0
DA:149,0
DA:150,0
DA:151,0
DA:154,0
FN:154,MockUSDC.transfer.0
FNDA:0,MockUSDC.transfer.0
DA:155,0
BRDA:155,0,0,-
BRDA:155,0,1,-
DA:156,0
DA:157,0
DA:158,0
DA:159,0
DA:162,0
FN:162,MockUSDC.transferFrom.0
FNDA:0,MockUSDC.transferFrom.0
DA:163,0
DA:164,0
BRDA:164,1,0,-
BRDA:164,2,0,-
BRDA:164,2,1,-
DA:165,0
BRDA:165,3,0,-
BRDA:165,3,1,-
DA:166,0
DA:167,0
DA:168,0
DA:169,0
DA:172,0
FN:172,MockUSDC.approve.0
FNDA:0,MockUSDC.approve.0
DA:173,0
DA:174,0
DA:187,0
FN:187,MockWETH.mint.1
FNDA:0,MockWETH.mint.1
DA:188,0
DA:189,0
DA:190,0
DA:193,0
FN:193,MockWETH.transfer.1
FNDA:0,MockWETH.transfer.1
DA:194,0
BRDA:194,4,0,-
BRDA:194,4,1,-
DA:195,0
DA:196,0
DA:197,0
DA:198,0
DA:201,0
FN:201,MockWETH.transferFrom.1
FNDA:0,MockWETH.transferFrom.1
DA:202,0
DA:203,0
BRDA:203,5,0,-
BRDA:203,6,0,-
BRDA:203,6,1,-
DA:204,0
BRDA:204,7,0,-
BRDA:204,7,1,-
DA:205,0
DA:206,0
DA:207,0
DA:208,0
DA:211,0
FN:211,MockWETH.approve.1
FNDA:0,MockWETH.approve.1
DA:212,0
DA:213,0
FNF:9
FNH:0
LF:88
LH:0
BRF:14
BRH:0
end_of_record
TN:
SF:script/DeployGoodStable.s.sol
DA:27,0
FN:27,DeployGoodStable.run
FNDA:0,DeployGoodStable.run
DA:28,0
DA:29,0
DA:31,0
DA:34,0
DA:35,0
DA:36,0
DA:38,0
DA:39,0
DA:40,0
DA:43,0
DA:44,0
DA:45,0
DA:46,0
DA:47,0
DA:50,0
DA:51,0
DA:54,0
DA:55,0
DA:58,0
DA:64,0
DA:67,0
DA:75,0
DA:78,0
DA:79,0
DA:80,0
DA:81,0
DA:82,0
DA:83,0
DA:86,0
DA:92,0
DA:96,0
DA:97,0
DA:100,0
DA:101,0
DA:102,0
DA:105,0
DA:109,0
DA:110,0
DA:111,0
DA:114,0
DA:115,0
DA:116,0
DA:119,0
DA:120,0
DA:123,0
DA:124,0
DA:126,0
DA:127,0
DA:128,0
DA:129,0
DA:130,0
DA:131,0
DA:132,0
DA:133,0
DA:134,0
DA:135,0
DA:136,0
DA:137,0
DA:138,0
DA:139,0
DA:140,0
DA:141,0
DA:142,0
DA:143,0
DA:144,0
DA:146,0
DA:162,0
FN:162,MockWETH18.mint.0
FNDA:0,MockWETH18.mint.0
DA:163,0
DA:164,0
DA:166,0
FN:166,MockWETH18.transfer.0
FNDA:0,MockWETH18.transfer.0
DA:167,0
BRDA:167,0,0,-
BRDA:167,0,1,-
DA:168,0
DA:169,0
DA:171,0
FN:171,MockWETH18.transferFrom.0
FNDA:0,MockWETH18.transferFrom.0
DA:172,0
DA:173,0
BRDA:173,1,0,-
BRDA:173,2,0,-
BRDA:173,2,1,-
DA:174,0
BRDA:174,3,0,-
BRDA:174,3,1,-
DA:175,0
DA:176,0
DA:178,0
FN:178,MockWETH18.approve.0
FNDA:0,MockWETH18.approve.0
DA:179,0
DA:180,0
DA:194,0
FN:194,MockUSDC6.mint.1
FNDA:0,MockUSDC6.mint.1
DA:195,0
DA:196,0
DA:198,0
FN:198,MockUSDC6.transfer.1
FNDA:0,MockUSDC6.transfer.1
DA:199,0
BRDA:199,4,0,-
BRDA:199,4,1,-
DA:200,0
DA:201,0
DA:203,0
FN:203,MockUSDC6.transferFrom.1
FNDA:0,MockUSDC6.transferFrom.1
DA:204,0
DA:205,0
BRDA:205,5,0,-
BRDA:205,6,0,-
BRDA:205,6,1,-
DA:206,0
BRDA:206,7,0,-
BRDA:206,7,1,-
DA:207,0
DA:208,0
DA:210,0
FN:210,MockUSDC6.approve.1
FNDA:0,MockUSDC6.approve.1
DA:211,0
DA:212,0
DA:226,0
FN:226,MockGD18.mint.2
FNDA:0,MockGD18.mint.2
DA:227,0
DA:228,0
DA:230,0
FN:230,MockGD18.transfer.2
FNDA:0,MockGD18.transfer.2
DA:231,0
BRDA:231,8,0,-
BRDA:231,8,1,-
DA:232,0
DA:233,0
DA:235,0
FN:235,MockGD18.transferFrom.2
FNDA:0,MockGD18.transferFrom.2
DA:236,0
DA:237,0
BRDA:237,9,0,-
BRDA:237,10,0,-
BRDA:237,10,1,-
DA:238,0
BRDA:238,11,0,-
BRDA:238,11,1,-
DA:239,0
DA:240,0
DA:242,0
FN:242,MockGD18.approve.2
FNDA:0,MockGD18.approve.2
DA:243,0
DA:244,0
DA:252,0
FN:252,MockPriceOracle.setPrice
FNDA:0,MockPriceOracle.setPrice
DA:253,0
FN:253,MockPriceOracle.getPrice
FNDA:0,MockPriceOracle.getPrice
DA:261,0
FN:261,MockUBIFeeSplitter.constructor
FNDA:0,MockUBIFeeSplitter.constructor
DA:263,0
FN:263,MockUBIFeeSplitter.splitFee
FNDA:0,MockUBIFeeSplitter.splitFee
DA:267,0
DA:270,0
BRDA:270,12,0,-
BRDA:270,12,1,-
DA:271,0
DA:272,0
DA:273,0
DA:274,0
DA:275,0
FNF:17
FNH:0
LF:126
LH:0
BRF:23
BRH:0
end_of_record
TN:
SF:script/DeployGoodStocks.s.sol
DA:72,0
FN:72,DeployGoodStocks._seedStocks
FNDA:0,DeployGoodStocks._seedStocks
DA:73,0
DA:74,0
DA:75,0
DA:76,0
DA:77,0
DA:78,0
DA:79,0
DA:80,0
DA:81,0
DA:82,0
DA:83,0
DA:84,0
DA:87,0
FN:87,DeployGoodStocks.run
FNDA:0,DeployGoodStocks.run
DA:88,0
DA:90,0
DA:91,0
DA:92,0
DA:93,0
DA:94,0
DA:96,0
DA:99,0
DA:100,0
DA:103,0
DA:104,0
DA:105,0
BRDA:105,0,0,-
DA:108,0
DA:111,0
DA:112,0
DA:116,0
DA:117,0
DA:120,0
DA:126,0
DA:129,0
DA:130,0
DA:132,0
DA:133,0
DA:135,0
DA:136,0
DA:138,0
DA:141,0
DA:143,0
DA:144,0
DA:145,0
DA:146,0
DA:147,0
DA:148,0
DA:149,0
FNF:2
FNH:0
LF:48
LH:0
BRF:1
BRH:0
end_of_record
TN:
SF:script/DeployGoodSwap.s.sol
DA:47,0
FN:47,MockPoolManager.constructor
FNDA:0,MockPoolManager.constructor
DA:48,0
DA:53,0
FN:53,MockPoolManager.unlock
FNDA:0,MockPoolManager.unlock
DA:54,0
DA:76,0
FN:76,HookMiner.find
FNDA:0,HookMiner.find
DA:81,0
DA:82,0
DA:83,0
DA:92,0
BRDA:92,0,0,-
DA:93,0
DA:96,0
DA:112,0
FN:112,DeployGoodSwap.run
FNDA:0,DeployGoodSwap.run
DA:113,0
DA:117,0
DA:120,0
DA:121,0
DA:123,0
DA:126,0
DA:127,0
BRDA:127,1,0,-
BRDA:127,1,1,-
DA:128,0
DA:129,0
DA:130,0
DA:132,0
DA:133,0
DA:137,0
DA:138,0
BRDA:138,2,0,-
BRDA:138,2,1,-
DA:139,0
DA:140,0
DA:141,0
DA:143,0
DA:144,0
DA:149,0
DA:150,0
DA:155,0
DA:156,0
DA:160,0
DA:162,0
BRDA:162,3,0,-
DA:163,0
DA:164,0
DA:165,0
BRDA:165,3,1,-
DA:168,0
DA:169,0
DA:173,0
BRDA:173,4,0,-
DA:174,0
DA:175,0
DA:180,0
DA:181,0
DA:183,0
DA:185,0
DA:186,0
DA:187,0
DA:188,0
DA:189,0
DA:190,0
DA:191,0
DA:192,0
DA:193,0
DA:194,0
DA:198,0
FN:198,DeployGoodSwap._mineHook
FNDA:0,DeployGoodSwap._mineHook
DA:203,0
DA:205,0
DA:207,0
BRDA:207,5,0,-
BRDA:207,5,1,-
FNF:5
FNH:0
LF:62
LH:0
BRF:10
BRH:0
end_of_record
TN:
SF:script/DeployGoodYield.s.sol
DA:18,0
FN:18,DeployGoodYield.run
FNDA:0,DeployGoodYield.run
DA:19,0
DA:20,0
DA:23,0
DA:24,0
DA:25,0
DA:26,0
DA:28,0
DA:31,0
DA:32,0
DA:35,0
BRDA:35,0,0,-
DA:41,0
DA:42,0
DA:47,0
DA:48,0
DA:50,0
FNF:1
FNH:0
LF:16
LH:0
BRF:1
BRH:0
end_of_record
TN:
SF:script/DeployGovernance.s.sol
DA:18,0
FN:18,DeployGovernance.run
FNDA:0,DeployGovernance.run
DA:20,0
DA:21,0
DA:22,0
DA:24,0
DA:27,0
DA:32,0
DA:35,0
DA:39,0
DA:41,0
DA:44,0
DA:45,0
DA:46,0
DA:47,0
DA:48,0
DA:49,0
DA:50,0
DA:51,0
DA:52,0
DA:53,0
DA:54,0
DA:55,0
DA:56,0
DA:57,0
FNF:1
FNH:0
LF:24
LH:0
BRF:0
BRH:0
end_of_record
TN:
SF:script/DeployInitialVaults.s.sol
DA:43,0
FN:43,DeployInitialVaults.run
FNDA:0,DeployInitialVaults.run
DA:44,0
DA:45,0
DA:47,0
DA:49,0
DA:57,0
DA:63,0
DA:66,0
DA:69,0
DA:76,0
DA:83,0
DA:84,0
DA:86,0
DA:92,0
DA:94,0
DA:96,0
DA:103,0
DA:110,0
DA:111,0
DA:114,0
DA:115,0
DA:117,0
DA:123,0
DA:125,0
DA:127,0
DA:134,0
DA:140,0
DA:141,0
DA:142,0
DA:143,0
DA:144,0
DA:145,0
DA:146,0
DA:148,0
DA:163,0
FN:163,MockStabilityPool.constructor.0
FNDA:0,MockStabilityPool.constructor.0
DA:164,0
DA:167,0
FN:167,MockStabilityPool.deposit
FNDA:0,MockStabilityPool.deposit
DA:168,0
DA:169,0
DA:170,0
DA:173,0
FN:173,MockStabilityPool.withdraw.0
FNDA:0,MockStabilityPool.withdraw.0
DA:174,0
BRDA:174,0,0,-
BRDA:174,0,1,-
DA:175,0
DA:176,0
DA:177,0
DA:180,0
FN:180,MockStabilityPool.getDepositorBalance
FNDA:0,MockStabilityPool.getDepositorBalance
DA:181,0
DA:184,0
FN:184,MockStabilityPool.getDepositorGain
FNDA:0,MockStabilityPool.getDepositorGain
DA:185,0
DA:188,0
FN:188,MockStabilityPool.claimGains
FNDA:0,MockStabilityPool.claimGains
DA:189,0
DA:204,0
FN:204,MockGToken.constructor.1
FNDA:0,MockGToken.constructor.1
DA:205,0
DA:206,0
DA:207,0
DA:210,0
FN:210,MockGToken.mint
FNDA:0,MockGToken.mint
DA:211,0
DA:212,0
DA:215,0
FN:215,MockGToken.burn
FNDA:0,MockGToken.burn
DA:216,0
BRDA:216,1,0,-
BRDA:216,1,1,-
DA:217,0
DA:218,0
DA:221,0
FN:221,MockGToken.scaledBalanceOf
FNDA:0,MockGToken.scaledBalanceOf
DA:222,0
DA:233,0
FN:233,MockLendPool.constructor.2
FNDA:0,MockLendPool.constructor.2
DA:234,0
DA:235,0
DA:238,0
FN:238,MockLendPool.supply
FNDA:0,MockLendPool.supply
DA:239,0
BRDA:239,2,0,-
BRDA:239,2,1,-
DA:240,0
DA:241,0
DA:244,0
FN:244,MockLendPool.withdraw.1
FNDA:0,MockLendPool.withdraw.1
DA:245,0
BRDA:245,3,0,-
BRDA:245,3,1,-
DA:246,0
DA:247,0
DA:248,0
DA:251,0
FN:251,MockLendPool.getReserveData
FNDA:0,MockLendPool.getReserveData
DA:255,0
FNF:15
FNH:0
LF:78
LH:0
BRF:8
BRH:0
end_of_record
TN:
SF:script/DeployLiFiBridgeAggregator.s.sol
DA:8,0
FN:8,DeployLiFiBridgeAggregator.run
FNDA:0,DeployLiFiBridgeAggregator.run
DA:9,0
DA:11,0
DA:14,0
DA:18,0
DA:20,0
DA:21,0
DA:22,0
DA:24,0
DA:26,0
DA:27,0
DA:30,0
DA:31,0
DA:32,0
DA:33,0
DA:34,0
DA:35,0
DA:36,0
DA:38,0
FNF:1
FNH:0
LF:19
LH:0
BRF:0
BRH:0
end_of_record
TN:
SF:script/DeployMultiChainBridge.s.sol
DA:15,0
FN:15,DeployMultiChainBridge.run
FNDA:0,DeployMultiChainBridge.run
DA:16,0
DA:17,0
DA:20,0
DA:21,0
DA:22,0
DA:23,0
DA:25,0
DA:27,0
DA:35,0
DA:36,0
DA:37,0
DA:38,0
DA:39,0
DA:40,0
DA:42,0
FNF:1
FNH:0
LF:16
LH:0
BRF:0
BRH:0
end_of_record
TN:
SF:script/DeployOptimisticResolver.s.sol
DA:28,0
FN:28,DeployOptimisticResolver.run
FNDA:0,DeployOptimisticResolver.run
DA:29,0
DA:34,0
DA:36,0
DA:43,0
DA:45,0
DA:46,0
DA:47,0
DA:48,0
DA:49,0
DA:50,0
DA:51,0
DA:52,0
DA:53,0
DA:54,0
DA:55,0
DA:56,0
DA:57,0
DA:58,0
FNF:1
FNH:0
LF:19
LH:0
BRF:0
BRH:0
end_of_record
TN:
SF:script/DeploySwapPriceOracle.s.sol
DA:17,0
FN:17,DeploySwapPriceOracle.run
FNDA:0,DeploySwapPriceOracle.run
DA:18,0
DA:20,0
DA:22,0
DA:25,0
DA:26,0
DA:29,0
DA:30,0
DA:31,0
DA:32,0
DA:35,0
DA:36,0
DA:37,0
DA:38,0
DA:40,0
DA:43,0
DA:44,0
DA:45,0
DA:46,0
DA:48,0
DA:49,0
DA:50,0
DA:51,0
DA:52,0
DA:54,0
FNF:1
FNH:0
LF:25
LH:0
BRF:0
BRH:0
end_of_record
TN:
SF:script/DeployTimelock.s.sol
DA:17,0
FN:17,DeployTimelock.run
FNDA:0,DeployTimelock.run
DA:19,0
DA:20,0
DA:21,0
DA:23,0
DA:26,0
DA:27,0
DA:28,0
DA:30,0
DA:31,0
DA:33,0
DA:35,0
DA:43,0
DA:45,0
DA:47,0
DA:48,0
DA:49,0
DA:50,0
DA:51,0
DA:52,0
DA:53,0
DA:54,0
DA:55,0
DA:56,0
DA:57,0
DA:58,0
FNF:1
FNH:0
LF:26
LH:0
BRF:0
BRH:0
end_of_record
TN:
SF:script/DeployUBIClaimV2.s.sol
DA:28,0
FN:28,DeployUBIClaimV2.run
FNDA:0,DeployUBIClaimV2.run
DA:29,0
DA:33,0
DA:35,0
DA:38,0
DA:43,0
DA:46,0
DA:47,0
DA:50,0
DA:51,0
DA:53,0
DA:55,0
DA:56,0
DA:57,0
DA:58,0
DA:59,0
FNF:1
FNH:0
LF:16
LH:0
BRF:0
BRH:0
end_of_record
TN:
SF:script/DeployUBIRevenueTracker.s.sol
DA:15,0
FN:15,DeployUBIRevenueTracker.run
FNDA:0,DeployUBIRevenueTracker.run
DA:16,0
DA:17,0
DA:21,0
DA:23,0
DA:25,0
DA:26,0
DA:30,0
DA:31,0
DA:32,0
DA:33,0
DA:34,0
DA:35,0
DA:36,0
DA:40,0
DA:42,0
DA:44,0
DA:46,0
DA:48,0
DA:50,0
DA:52,0
DA:55,0
DA:57,0
DA:58,0
DA:59,0
DA:60,0
DA:62,0
FNF:1
FNH:0
LF:27
LH:0
BRF:0
BRH:0
end_of_record
TN:
SF:script/FixFastWithdrawalUBIPool.s.sol
DA:32,0
FN:32,FixFastWithdrawalUBIPool.run
FNDA:0,FixFastWithdrawalUBIPool.run
DA:33,0
DA:38,0
DA:40,0
DA:42,0
DA:43,0
DA:44,0
BRDA:44,0,0,-
BRDA:44,0,1,-
DA:46,0
DA:48,0
DA:49,0
DA:50,0
BRDA:50,1,0,-
BRDA:50,1,1,-
DA:52,0
DA:54,0
FNF:1
FNH:0
LF:13
LH:0
BRF:4
BRH:0
end_of_record
TN:
SF:script/FixUBIFeeHookPool.s.sol
DA:36,0
FN:36,FixUBIFeeHookPool.run
FNDA:0,FixUBIFeeHookPool.run
DA:37,0
DA:42,0
DA:44,0
DA:46,0
DA:47,0
DA:48,0
BRDA:48,0,0,-
BRDA:48,0,1,-
DA:50,0
DA:52,0
DA:53,0
DA:54,0
BRDA:54,1,0,-
BRDA:54,1,1,-
DA:56,0
DA:58,0
FNF:1
FNH:0
LF:13
LH:0
BRF:4
BRH:0
end_of_record
TN:
SF:script/FixUBIRevenueTrackerSplitter.s.sol
DA:24,0
FN:24,FixUBIRevenueTrackerSplitter.run
FNDA:0,FixUBIRevenueTrackerSplitter.run
DA:25,0
DA:30,0
DA:32,0
DA:34,0
DA:35,0
DA:36,0
BRDA:36,0,0,-
BRDA:36,0,1,-
DA:38,0
DA:40,0
DA:41,0
DA:42,0
BRDA:42,1,0,-
BRDA:42,1,1,-
DA:44,0
DA:46,0
FNF:1
FNH:0
LF:13
LH:0
BRF:4
BRH:0
end_of_record
TN:
SF:script/ReadConditionalTokens.s.sol
DA:14,0
FN:14,ReadConditionalTokens.run
FNDA:0,ReadConditionalTokens.run
DA:15,0
DA:16,0
DA:17,0
DA:18,0
DA:19,0
FNF:1
FNH:0
LF:6
LH:0
BRF:0
BRH:0
end_of_record
TN:
SF:script/ReadMarketFactory.s.sol
DA:13,0
FN:13,ReadMarketFactory.run
FNDA:0,ReadMarketFactory.run
DA:14,0
DA:15,0
DA:16,0
FNF:1
FNH:0
LF:4
LH:0
BRF:0
BRH:0
end_of_record
TN:
SF:script/ReadSyntheticFactory.s.sol
DA:16,0
FN:16,ReadSyntheticFactory.run
FNDA:0,ReadSyntheticFactory.run
DA:17,0
DA:18,0
DA:20,0
DA:21,0
DA:24,0
FN:24,ReadSyntheticFactory._check
FNDA:0,ReadSyntheticFactory._check
DA:25,0
BRDA:25,0,0,-
DA:26,0
DA:27,0
BRDA:27,0,1,-
DA:28,0
DA:30,0
BRDA:30,1,0,-
DA:31,0
DA:32,0
BRDA:32,1,1,-
DA:33,0
DA:35,0
BRDA:35,2,0,-
DA:36,0
DA:37,0
BRDA:37,2,1,-
DA:38,0
FNF:2
FNH:0
LF:18
LH:0
BRF:6
BRH:0
end_of_record
TN:
SF:script/RedeployGoodDollarToken.s.sol
DA:37,0
FN:37,RedeployGoodDollarToken.run
FNDA:0,RedeployGoodDollarToken.run
DA:38,0
DA:42,0
DA:44,0
DA:47,0
DA:52,0
DA:55,0
DA:60,0
DA:63,0
DA:64,0
DA:67,0
DA:68,0
DA:70,0
DA:72,0
DA:73,0
DA:74,0
DA:75,0
FNF:1
FNH:0
LF:17
LH:0
BRF:0
BRH:0
end_of_record
TN:
SF:script/RedeployOracle.s.sol
DA:16,0
FN:16,RedeployOracle.run
FNDA:0,RedeployOracle.run
DA:17,0
DA:21,0
DA:23,0
DA:26,0
DA:27,0
DA:30,0
DA:31,0
DA:32,0
DA:33,0
DA:34,0
DA:35,0
DA:38,0
DA:39,0
DA:40,0
DA:42,0
BRDA:42,0,0,-
DA:43,0
DA:44,0
DA:46,0
BRDA:46,1,0,-
DA:47,0
DA:48,0
DA:50,0
BRDA:50,2,0,-
DA:51,0
DA:52,0
DA:54,0
BRDA:54,3,0,-
DA:55,0
DA:56,0
DA:59,0
DA:61,0
DA:62,0
DA:63,0
DA:64,0
DA:65,0
DA:66,0
DA:67,0
DA:68,0
DA:71,0
FN:71,RedeployOracle._seed
FNDA:0,RedeployOracle._seed
DA:72,0
DA:73,0
DA:74,0
DA:75,0
FNF:2
FNH:0
LF:41
LH:0
BRF:4
BRH:0
end_of_record
TN:
SF:script/RedeployPredict.s.sol
DA:17,0
FN:17,RedeployPredict.run
FNDA:0,RedeployPredict.run
DA:18,0
DA:19,0
DA:21,0
DA:22,0
DA:23,0
DA:25,0
FNF:1
FNH:0
LF:7
LH:0
BRF:0
BRH:0
end_of_record
TN:
SF:script/RedeployUBIAndLiFi.s.sol
DA:48,0
FN:48,RedeployUBIAndLiFi.run
FNDA:0,RedeployUBIAndLiFi.run
DA:49,0
DA:53,0
DA:55,0
DA:59,0
DA:61,0
DA:65,0
DA:66,0
DA:70,0
DA:71,0
DA:74,0
DA:75,0
DA:78,0
DA:79,0
DA:80,0
DA:81,0
DA:82,0
DA:83,0
DA:84,0
DA:86,0
DA:88,0
DA:89,0
DA:90,0
DA:91,0
DA:92,0
DA:93,0
DA:94,0
DA:95,0
DA:96,0
DA:97,0
FNF:1
FNH:0
LF:30
LH:0
BRF:0
BRH:0
end_of_record
TN:
SF:script/RedeployUBIFeeHook.s.sol
DA:15,0
FN:15,HookMiner.find
FNDA:0,HookMiner.find
DA:20,0
DA:21,0
DA:22,0
DA:31,0
BRDA:31,0,0,-
DA:32,0
DA:35,0
DA:80,0
FN:80,RedeployUBIFeeHook.run
FNDA:0,RedeployUBIFeeHook.run
DA:81,0
DA:85,0
DA:89,0
DA:93,0
DA:97,0
DA:99,0
DA:100,0
DA:101,0
DA:103,0
DA:106,0
DA:113,0
BRDA:113,1,0,-
BRDA:113,1,1,-
DA:114,0
BRDA:114,2,0,-
BRDA:114,2,1,-
DA:116,0
DA:118,0
DA:119,0
DA:120,0
DA:121,0
DA:122,0
DA:123,0
DA:124,0
DA:125,0
DA:126,0
DA:127,0
FNF:2
FNH:0
LF:31
LH:0
BRF:5
BRH:0
end_of_record
TN:
SF:script/RedeployUnverified.s.sol
DA:28,0
FN:28,RedeployUnverified.run
FNDA:0,RedeployUnverified.run
DA:29,0
DA:30,0
DA:33,0
DA:34,0
DA:37,0
DA:38,0
DA:39,0
DA:40,0
DA:41,0
DA:44,0
DA:45,0
DA:48,0
DA:51,0
DA:53,0
FNF:1
FNH:0
LF:15
LH:0
BRF:0
BRH:0
end_of_record
TN:
SF:script/RedeployVaultManager.s.sol
DA:19,0
FN:19,RedeployVaultManager.run
FNDA:0,RedeployVaultManager.run
DA:20,0
DA:21,0
DA:23,0
DA:31,0
DA:33,0
FNF:1
FNH:0
LF:6
LH:0
BRF:0
BRH:0
end_of_record
TN:
SF:script/RelistStocks.s.sol
DA:21,0
FN:21,RelistStocks.run
FNDA:0,RelistStocks.run
DA:22,0
DA:23,0
DA:25,0
DA:26,0
DA:27,0
DA:29,0
DA:44,0
DA:45,0
DA:46,0
DA:47,0
DA:48,0
DA:49,0
DA:52,0
FNF:1
FNH:0
LF:14
LH:0
BRF:0
BRH:0
end_of_record
TN:
SF:script/SeedGoodStocks.s.sol
DA:30,0
FN:30,SeedGoodStocks.run
FNDA:0,SeedGoodStocks.run
DA:31,0
DA:32,0
DA:33,0
DA:35,0
DA:36,0
DA:39,0
DA:40,0
DA:41,0
DA:42,0
DA:43,0
DA:45,0
DA:48,0
DA:50,0
DA:51,0
DA:54,0
DA:55,0
DA:58,0
DA:59,0
DA:62,0
DA:64,0
DA:65,0
DA:66,0
FNF:1
FNH:0
LF:23
LH:0
BRF:0
BRH:0
end_of_record
TN:
SF:script/SeedMissingOraclePrices.s.sol
DA:41,0
FN:41,SeedMissingOraclePrices.run
FNDA:0,SeedMissingOraclePrices.run
DA:42,0
DA:47,0
DA:51,0
DA:58,0
DA:60,0
DA:61,0
DA:62,0
DA:67,0
DA:69,0
DA:70,0
DA:71,0
DA:72,0
DA:73,0
DA:74,0
FNF:1
FNH:0
LF:15
LH:0
BRF:0
BRH:0
end_of_record
TN:
SF:script/SeedPerpOracle.s.sol
DA:39,0
FN:39,SeedPerpOracle.run
FNDA:0,SeedPerpOracle.run
DA:40,0
DA:44,0
DA:46,0
DA:47,0
DA:50,0
DA:59,0
DA:60,0
DA:61,0
DA:64,0
DA:65,0
DA:68,0
DA:69,0
DA:73,0
DA:74,0
DA:78,0
DA:80,0
DA:81,0
DA:82,0
DA:83,0
DA:84,0
DA:85,0
DA:86,0
DA:87,0
FNF:1
FNH:0
LF:24
LH:0
BRF:0
BRH:0
end_of_record
TN:
SF:script/SeedPredictMarkets.s.sol
DA:17,0
FN:17,SeedPredictMarkets.run
FNDA:0,SeedPredictMarkets.run
DA:18,0
DA:19,0
DA:22,0
DA:25,0
DA:30,0
DA:31,0
DA:34,0
DA:39,0
DA:40,0
DA:43,0
DA:48,0
DA:49,0
DA:52,0
DA:57,0
DA:58,0
DA:61,0
DA:66,0
DA:67,0
DA:70,0
DA:75,0
DA:76,0
DA:79,0
DA:84,0
DA:85,0
DA:88,0
DA:93,0
DA:94,0
DA:97,0
DA:102,0
DA:103,0
DA:106,0
DA:111,0
DA:112,0
DA:114,0
DA:115,0
DA:117,0
FNF:1
FNH:0
LF:37
LH:0
BRF:0
BRH:0
end_of_record
TN:
SF:script/SeedRemainingPerps.s.sol
DA:33,0
FN:33,SeedRemainingPerps.run
FNDA:0,SeedRemainingPerps.run
DA:34,0
DA:39,0
DA:40,0
DA:42,0
DA:43,0
DA:46,0
DA:53,0
DA:55,0
DA:56,0
DA:57,0
DA:60,0
BRDA:60,0,0,-
BRDA:60,0,1,-
DA:61,0
DA:62,0
DA:64,0
DA:68,0
DA:69,0
DA:72,0
DA:73,0
DA:74,0
DA:77,0
DA:79,0
DA:80,0
DA:81,0
DA:82,0
FNF:1
FNH:0
LF:25
LH:0
BRF:2
BRH:0
end_of_record
TN:
SF:script/TestRegistry.s.sol
DA:18,0
FN:18,TestRegistryScript.run
FNDA:0,TestRegistryScript.run
DA:19,0
DA:20,0
DA:21,0
FNF:1
FNH:0
LF:4
LH:0
BRF:0
BRH:0
end_of_record
TN:
SF:script/WireUBIFeeSplitter.s.sol
DA:41,0
FN:41,WireUBIFeeSplitter.run
FNDA:0,WireUBIFeeSplitter.run
DA:42,0
DA:47,0
DA:50,0
DA:51,0
DA:53,0
DA:54,0
DA:56,0
DA:57,0
DA:60,0
DA:61,0
DA:63,0
DA:65,0
DA:66,0
DA:67,0
FNF:1
FNH:0
LF:15
LH:0
BRF:0
BRH:0
end_of_record
TN:
SF:src/AgentRegistry.sol
DA:93,1
FN:93,AgentRegistry.onlyAdmin
FNDA:1,AgentRegistry.onlyAdmin
DA:94,1
BRDA:94,0,0,-
BRDA:94,0,1,-
DA:98,2
FN:98,AgentRegistry.onlyReporter
FNDA:2,AgentRegistry.onlyReporter
DA:99,2
BRDA:99,1,0,20
BRDA:99,1,1,2
DA:105,25
FN:105,AgentRegistry.constructor
FNDA:25,AgentRegistry.constructor
DA:106,25
DA:112,24
FN:112,AgentRegistry.registerAgent
FNDA:24,AgentRegistry.registerAgent
DA:118,24
BRDA:118,2,0,-
BRDA:118,2,1,-
DA:119,24
BRDA:119,3,0,-
BRDA:119,3,1,-
DA:120,22
BRDA:120,4,0,-
BRDA:120,4,1,-
DA:122,21
DA:123,24
DA:124,21
DA:126,24
DA:135,21
DA:145,24
DA:149,3
FN:149,AgentRegistry.updateProfile
FNDA:3,AgentRegistry.updateProfile
DA:155,3
BRDA:155,5,0,-
BRDA:155,5,1,-
DA:156,3
BRDA:156,6,0,3
BRDA:156,6,1,1
DA:158,3
BRDA:158,7,0,2
DA:159,2
BRDA:159,8,0,1
DA:160,2
BRDA:160,9,0,1
DA:162,3
DA:166,2
FN:166,AgentRegistry.deactivateAgent
FNDA:2,AgentRegistry.deactivateAgent
DA:167,2
BRDA:167,10,0,-
BRDA:167,10,1,-
DA:168,2
BRDA:168,11,0,2
BRDA:168,11,1,-
DA:169,2
DA:170,2
DA:176,19
FN:176,AgentRegistry.recordActivity
FNDA:19,AgentRegistry.recordActivity
DA:183,19
BRDA:183,12,0,2
DA:184,2
BRDA:184,13,0,-
BRDA:184,13,1,-
DA:185,1
DA:186,1
DA:187,1
DA:188,1
DA:196,1
DA:205,1
DA:208,18
DA:211,18
DA:212,18
DA:213,18
DA:214,19
DA:215,18
DA:218,18
DA:219,18
DA:220,19
DA:223,18
DA:224,18
DA:225,18
DA:227,19
DA:231,2
FN:231,AgentRegistry.recordPnL
FNDA:2,AgentRegistry.recordPnL
DA:232,2
BRDA:232,14,0,-
BRDA:232,14,1,-
DA:233,2
DA:234,2
DA:240,2
FN:240,AgentRegistry.getTopAgents
FNDA:2,AgentRegistry.getTopAgents
DA:247,2
BRDA:247,15,0,-
DA:248,2
DA:249,2
BRDA:249,16,0,-
DA:252,2
DA:253,2
DA:254,2
DA:255,2
DA:256,2
DA:258,2
DA:260,2
DA:261,5
DA:262,5
DA:263,0
DA:265,5
DA:266,13
BRDA:266,17,0,6
DA:267,6
DA:268,6
DA:269,6
DA:273,5
BRDA:273,18,0,1
DA:275,4
DA:276,4
DA:277,4
DA:278,4
DA:279,4
DA:280,4
DA:281,4
DA:286,1
FN:286,AgentRegistry.getAgentCount
FNDA:1,AgentRegistry.getAgentCount
DA:287,1
DA:291,1
FN:291,AgentRegistry.getAgent
FNDA:1,AgentRegistry.getAgent
DA:292,1
DA:296,10
FN:296,AgentRegistry.getAgentInfo
FNDA:10,AgentRegistry.getAgentInfo
DA:300,10
DA:304,2
FN:304,AgentRegistry.getAgentProtocolStats
FNDA:2,AgentRegistry.getAgentProtocolStats
DA:307,2
DA:311,1
FN:311,AgentRegistry.getDashboardStats
FNDA:1,AgentRegistry.getDashboardStats
DA:317,1
DA:322,27
FN:322,AgentRegistry.addReporter
FNDA:27,AgentRegistry.addReporter
DA:323,27
BRDA:323,19,0,-
BRDA:323,19,1,-
DA:324,26
DA:325,26
DA:326,27
DA:329,1
FN:329,AgentRegistry.removeReporter
FNDA:1,AgentRegistry.removeReporter
DA:330,1
DA:331,1
DA:334,1
FN:334,AgentRegistry.setAdmin
FNDA:1,AgentRegistry.setAdmin
DA:335,1
DA:338,2
FN:338,AgentRegistry.setUBIBPS
FNDA:2,AgentRegistry.setUBIBPS
DA:339,2
BRDA:339,20,0,-
BRDA:339,20,1,-
DA:340,2
DA:343,2
FN:343,AgentRegistry.setMaxAgents
FNDA:2,AgentRegistry.setMaxAgents
DA:344,2
BRDA:344,21,0,-
BRDA:344,21,1,-
DA:345,2
FNF:19
FNH:19
LF:107
LH:106
BRF:36
BRH:11
end_of_record
TN:
SF:src/Counter.sol
DA:7,258
FN:7,Counter.setNumber
FNDA:258,Counter.setNumber
DA:8,258
DA:11,1
FN:11,Counter.increment
FNDA:1,Counter.increment
DA:12,1
FNF:2
FNH:2
LF:4
LH:4
BRF:0
BRH:0
end_of_record
TN:
SF:src/GoodDollarToken.sol
DA:54,0
FN:54,GoodDollarToken.onlyAdmin
FNDA:0,GoodDollarToken.onlyAdmin
DA:55,0
BRDA:55,0,0,-
BRDA:55,0,1,-
DA:59,1
FN:59,GoodDollarToken.onlyIdentityOracle
FNDA:1,GoodDollarToken.onlyIdentityOracle
DA:60,1
BRDA:60,1,0,-
BRDA:60,1,1,-
DA:64,1016
FN:64,GoodDollarToken.onlyMinter
FNDA:1016,GoodDollarToken.onlyMinter
DA:65,1016
BRDA:65,2,0,-
BRDA:65,2,1,-
DA:69,331
FN:69,GoodDollarToken.constructor
FNDA:331,GoodDollarToken.constructor
DA:70,331
DA:71,331
DA:72,331
DA:77,585
FN:77,GoodDollarToken.transfer
FNDA:585,GoodDollarToken.transfer
DA:78,585
DA:79,585
DA:82,510
FN:82,GoodDollarToken.approve
FNDA:510,GoodDollarToken.approve
DA:83,510
DA:84,510
DA:85,510
DA:88,302
FN:88,GoodDollarToken.transferFrom
FNDA:302,GoodDollarToken.transferFrom
DA:89,302
DA:90,302
BRDA:90,3,0,133
DA:91,133
BRDA:91,4,0,-
BRDA:91,4,1,-
DA:92,133
DA:94,302
DA:95,302
DA:106,8
FN:106,GoodDollarToken.claimUBI
FNDA:8,GoodDollarToken.claimUBI
DA:107,8
BRDA:107,5,0,-
BRDA:107,5,1,-
DA:108,7
BRDA:108,6,0,7
BRDA:108,6,1,2
DA:113,7
DA:116,6
DA:117,6
DA:120,6
DA:121,6
BRDA:121,7,0,1
DA:122,1
DA:123,1
BRDA:123,8,0,1
DA:124,1
DA:125,1
DA:129,6
DA:135,115
FN:135,GoodDollarToken.fundUBIPool
FNDA:115,GoodDollarToken.fundUBIPool
DA:136,115
DA:137,115
DA:138,115
DA:144,1
FN:144,GoodDollarToken.calculateUBIFee
FNDA:1,GoodDollarToken.calculateUBIFee
DA:145,1
DA:150,1053
FN:150,GoodDollarToken.verifyHuman
FNDA:1053,GoodDollarToken.verifyHuman
DA:151,1053
BRDA:151,9,0,1052
BRDA:151,9,1,1
DA:152,1052
DA:153,1
BRDA:153,10,0,1
DA:154,1
DA:156,1053
DA:157,1053
DA:161,1
FN:161,GoodDollarToken.batchVerifyHumans
FNDA:1,GoodDollarToken.batchVerifyHumans
DA:162,1
DA:163,3
BRDA:163,11,0,3
DA:164,3
DA:165,3
DA:166,3
DA:173,1
FN:173,GoodDollarToken.setDailyUBIAmount
FNDA:1,GoodDollarToken.setDailyUBIAmount
DA:174,1
DA:177,0
FN:177,GoodDollarToken.setIdentityOracle
FNDA:0,GoodDollarToken.setIdentityOracle
DA:178,0
DA:181,0
FN:181,GoodDollarToken.setAdmin
FNDA:0,GoodDollarToken.setAdmin
DA:182,0
DA:185,24
FN:185,GoodDollarToken.setMinter
FNDA:24,GoodDollarToken.setMinter
DA:186,24
BRDA:186,12,0,-
BRDA:186,12,1,-
DA:187,23
BRDA:187,13,0,23
DA:188,23
DA:189,0
DA:190,23
BRDA:190,14,0,-
BRDA:190,14,1,-
DA:192,24
DA:193,24
DA:199,1015
FN:199,GoodDollarToken.mint
FNDA:1015,GoodDollarToken.mint
DA:200,1015
DA:205,1003
FN:205,GoodDollarToken._transfer
FNDA:1003,GoodDollarToken._transfer
DA:206,1003
BRDA:206,15,0,-
BRDA:206,15,1,-
DA:207,1003
DA:208,1003
DA:209,1003
DA:212,1352
FN:212,GoodDollarToken._mint
FNDA:1352,GoodDollarToken._mint
DA:213,1352
DA:214,1352
DA:215,1352
FNF:19
FNH:16
LF:81
LH:74
BRF:26
BRH:10
end_of_record
TN:
SF:src/GoodSwap.sol
DA:83,12
FN:83,GoodSwap.lock
FNDA:12,GoodSwap.lock
DA:84,12
BRDA:84,0,0,1
DA:85,11
DA:87,3
DA:92,27
FN:92,GoodSwap.constructor
FNDA:27,GoodSwap.constructor
DA:93,27
DA:94,27
DA:95,27
DA:100,45
FN:100,GoodSwap.getReserves
FNDA:45,GoodSwap.getReserves
DA:105,45
DA:106,45
DA:107,45
DA:116,26
FN:116,GoodSwap.mint
FNDA:26,GoodSwap.mint
DA:117,26
DA:118,26
DA:119,26
DA:120,26
DA:121,26
DA:123,26
DA:124,26
BRDA:124,1,0,24
BRDA:124,1,1,2
DA:125,24
DA:126,24
DA:127,24
DA:129,2
DA:130,2
DA:131,2
DA:133,26
BRDA:133,2,0,1
DA:135,25
DA:136,25
DA:138,25
DA:139,25
DA:146,3
FN:146,GoodSwap.burn
FNDA:3,GoodSwap.burn
DA:147,3
DA:148,3
DA:149,3
DA:150,3
DA:152,3
DA:153,3
DA:154,3
BRDA:154,3,0,1
DA:156,2
DA:157,2
DA:159,2
DA:160,2
DA:162,2
DA:163,2
DA:165,2
DA:166,2
DA:176,11
FN:176,GoodSwap.swap
FNDA:11,GoodSwap.swap
DA:182,11
BRDA:182,4,0,1
DA:183,10
DA:184,10
BRDA:184,5,0,2
DA:185,8
BRDA:185,6,0,2
DA:187,6
BRDA:187,7,0,5
DA:188,6
BRDA:188,8,0,1
DA:189,6
BRDA:189,9,0,2
DA:191,5
DA:192,5
DA:194,5
DA:195,5
DA:196,5
BRDA:196,10,0,1
DA:198,4
DA:204,1
FN:204,GoodSwap.skim
FNDA:1,GoodSwap.skim
DA:205,1
DA:206,1
DA:212,3
FN:212,GoodSwap.sync
FNDA:3,GoodSwap.sync
DA:213,3
DA:231,4
FN:231,GoodSwap._verifyAndUpdateSwap
FNDA:4,GoodSwap._verifyAndUpdateSwap
DA:243,4
DA:244,4
DA:245,4
BRDA:245,11,0,1
DA:247,3
DA:250,3
DA:253,33
FN:253,GoodSwap._update
FNDA:33,GoodSwap._update
DA:254,33
BRDA:254,12,0,1
DA:256,32
DA:257,32
DA:258,32
BRDA:258,13,0,2
DA:261,2
DA:262,2
DA:266,32
DA:267,32
DA:268,32
DA:270,32
DA:273,24
FN:273,GoodSwap._sqrt
FNDA:24,GoodSwap._sqrt
DA:274,24
BRDA:274,14,0,24
BRDA:274,14,1,-
DA:275,24
DA:276,24
DA:277,1734
DA:278,0
BRDA:278,15,0,-
DA:279,0
FNF:11
FNH:11
LF:90
LH:88
BRF:18
BRH:16
end_of_record
TN:
SF:src/TestRegistry.sol
DA:59,280
FN:59,TestRegistry.logResult
FNDA:280,TestRegistry.logResult
DA:66,280
DA:68,280
DA:78,280
DA:95,2
FN:95,TestRegistry.getResultCount
FNDA:2,TestRegistry.getResultCount
DA:96,2
DA:100,260
FN:100,TestRegistry.getResult
FNDA:260,TestRegistry.getResult
DA:101,260
BRDA:101,0,0,-
BRDA:101,0,1,-
DA:102,260
DA:108,5
FN:108,TestRegistry.getResults
FNDA:5,TestRegistry.getResults
DA:113,5
DA:114,5
BRDA:114,1,0,-
BRDA:114,1,1,-
DA:115,4
BRDA:115,2,0,-
BRDA:115,2,1,-
DA:117,3
BRDA:117,3,0,1
DA:118,5
DA:119,3
DA:120,3
DA:121,9
DA:127,2
FN:127,TestRegistry.getResultsByTester
FNDA:2,TestRegistry.getResultsByTester
DA:132,2
DA:133,2
DA:136,2
DA:137,4
BRDA:137,4,0,2
DA:141,2
DA:142,2
DA:143,2
DA:144,2
DA:145,4
BRDA:145,5,0,2
DA:146,2
DA:147,2
DA:148,2
FNF:5
FNH:5
LF:31
LH:31
BRF:9
BRH:3
end_of_record
TN:
SF:src/UBIClaimV2.sol
DA:69,0
FN:69,UBIClaimV2.onlyAdmin
FNDA:0,UBIClaimV2.onlyAdmin
DA:70,0
BRDA:70,0,0,-
BRDA:70,0,1,-
DA:74,5
FN:74,UBIClaimV2.onlyRelayer
FNDA:5,UBIClaimV2.onlyRelayer
DA:75,5
BRDA:75,1,0,1
DA:81,23
FN:81,UBIClaimV2.constructor
FNDA:23,UBIClaimV2.constructor
DA:86,23
BRDA:86,2,0,-
DA:88,23
DA:89,23
DA:90,23
DA:98,25
FN:98,UBIClaimV2.currentEpoch
FNDA:25,UBIClaimV2.currentEpoch
DA:99,25
DA:105,3
FN:105,UBIClaimV2.canClaim
FNDA:3,UBIClaimV2.canClaim
DA:106,3
DA:107,3
DA:108,2
DA:117,12
FN:117,UBIClaimV2.claim
FNDA:12,UBIClaimV2.claim
DA:118,12
BRDA:118,3,0,1
DA:119,11
DA:126,4
FN:126,UBIClaimV2.claimFor
FNDA:4,UBIClaimV2.claimFor
DA:127,4
DA:139,5
FN:139,UBIClaimV2.batchClaim
FNDA:5,UBIClaimV2.batchClaim
DA:144,5
BRDA:144,4,0,-
BRDA:144,4,1,-
DA:145,4
DA:146,4
DA:147,4
DA:149,4
DA:150,1007
DA:152,1007
DA:153,1007
DA:154,1006
DA:155,2
BRDA:155,5,0,2
DA:156,2
DA:158,1005
DA:159,1005
DA:160,1005
DA:161,1005
DA:162,1005
DA:165,4
BRDA:165,6,0,4
DA:167,4
DA:168,4
DA:170,4
DA:176,15
FN:176,UBIClaimV2._claim
FNDA:15,UBIClaimV2._claim
DA:177,15
BRDA:177,7,0,1
DA:179,14
DA:182,14
BRDA:182,8,0,3
DA:183,3
DA:186,11
DA:188,11
DA:189,11
DA:192,10
DA:193,10
DA:196,10
DA:206,0
FN:206,UBIClaimV2.supplementPool
FNDA:0,UBIClaimV2.supplementPool
DA:207,0
BRDA:207,9,0,-
DA:208,0
DA:209,0
BRDA:209,10,0,-
DA:211,0
DA:212,0
DA:217,23
FN:217,UBIClaimV2.setRelayer
FNDA:23,UBIClaimV2.setRelayer
DA:218,23
DA:219,23
DA:222,2
FN:222,UBIClaimV2.setSelfClaimEnabled
FNDA:2,UBIClaimV2.setSelfClaimEnabled
DA:223,2
DA:226,0
FN:226,UBIClaimV2.setFeeSplitter
FNDA:0,UBIClaimV2.setFeeSplitter
DA:227,0
BRDA:227,11,0,-
DA:228,0
DA:231,0
FN:231,UBIClaimV2.transferAdmin
FNDA:0,UBIClaimV2.transferAdmin
DA:232,0
BRDA:232,12,0,-
DA:233,0
DA:234,0
FNF:14
FNH:10
LF:70
LH:55
BRF:15
BRH:6
end_of_record
TN:
SF:src/UBIFeeSplitter.sol
DA:50,1
FN:50,UBIFeeSplitter.onlyAdmin
FNDA:1,UBIFeeSplitter.onlyAdmin
DA:51,1
BRDA:51,0,0,-
BRDA:51,0,1,-
DA:55,56
FN:55,UBIFeeSplitter.constructor
FNDA:56,UBIFeeSplitter.constructor
DA:56,56
DA:57,56
DA:58,56
DA:59,56
DA:70,1
FN:70,UBIFeeSplitter.splitFee
FNDA:1,UBIFeeSplitter.splitFee
DA:75,1
BRDA:75,1,0,-
BRDA:75,1,1,-
DA:78,1
DA:79,1
DA:80,1
DA:83,1
DA:86,1
DA:87,1
DA:88,1
DA:91,1
DA:92,1
DA:94,1
DA:100,1
FN:100,UBIFeeSplitter.registerDApp
FNDA:1,UBIFeeSplitter.registerDApp
DA:101,1
BRDA:101,2,0,1
DA:102,1
DA:103,1
DA:104,1
DA:110,0
FN:110,UBIFeeSplitter.setFeeSplit
FNDA:0,UBIFeeSplitter.setFeeSplit
DA:111,0
BRDA:111,3,0,-
BRDA:111,3,1,-
DA:112,0
DA:113,0
DA:116,0
FN:116,UBIFeeSplitter.setTreasury
FNDA:0,UBIFeeSplitter.setTreasury
DA:117,0
DA:120,0
FN:120,UBIFeeSplitter.setUBIRecipient
FNDA:0,UBIFeeSplitter.setUBIRecipient
DA:121,0
BRDA:121,4,0,-
BRDA:121,4,1,-
DA:122,0
DA:134,0
FN:134,UBIFeeSplitter.splitFeeToken
FNDA:0,UBIFeeSplitter.splitFeeToken
DA:139,0
BRDA:139,5,0,-
BRDA:139,5,1,-
DA:140,0
BRDA:140,6,0,-
BRDA:140,6,1,-
DA:142,0
DA:143,0
DA:144,0
DA:146,0
DA:147,0
DA:148,0
DA:149,0
DA:150,0
DA:152,0
DA:154,0
DA:165,0
FN:165,UBIFeeSplitter.releaseToUBI
FNDA:0,UBIFeeSplitter.releaseToUBI
DA:166,0
BRDA:166,7,0,-
BRDA:166,7,1,-
DA:167,0
DA:180,0
FN:180,UBIFeeSplitter.withdrawETH
FNDA:0,UBIFeeSplitter.withdrawETH
DA:181,0
DA:182,0
BRDA:182,8,0,-
BRDA:182,8,1,-
DA:183,0
DA:184,0
BRDA:184,9,0,-
BRDA:184,9,1,-
DA:187,0
FN:187,UBIFeeSplitter.dAppCount
FNDA:0,UBIFeeSplitter.dAppCount
DA:188,0
DA:195,1
FN:195,UBIFeeSplitter.claimableBalance
FNDA:1,UBIFeeSplitter.claimableBalance
DA:196,1
FNF:12
FNH:5
LF:58
LH:26
BRF:19
BRH:1
end_of_record
TN:
SF:src/UBIRevenueTracker.sol
DA:71,3
FN:71,UBIRevenueTracker.onlyAdmin
FNDA:3,UBIRevenueTracker.onlyAdmin
DA:72,3
BRDA:72,0,0,-
BRDA:72,0,1,-
DA:78,21
FN:78,UBIRevenueTracker.constructor
FNDA:21,UBIRevenueTracker.constructor
DA:79,21
DA:80,21
DA:91,274
FN:91,UBIRevenueTracker.registerProtocol
FNDA:274,UBIRevenueTracker.registerProtocol
DA:96,274
DA:97,274
DA:107,274
DA:108,274
DA:118,274
FN:118,UBIRevenueTracker.reportFees
FNDA:274,UBIRevenueTracker.reportFees
DA:124,274
BRDA:124,1,0,-
BRDA:124,1,1,-
DA:125,273
DA:126,273
BRDA:126,2,0,-
BRDA:126,2,1,-
DA:128,272
DA:129,272
DA:130,272
DA:131,273
DA:133,272
DA:134,272
DA:135,272
DA:137,274
DA:143,10
FN:143,UBIRevenueTracker.takeSnapshot
FNDA:10,UBIRevenueTracker.takeSnapshot
DA:144,10
DA:145,10
DA:151,10
DA:159,260
FN:159,UBIRevenueTracker.getProtocol
FNDA:260,UBIRevenueTracker.getProtocol
DA:160,260
BRDA:160,3,0,-
BRDA:160,3,1,-
DA:161,260
DA:167,1
FN:167,UBIRevenueTracker.getAllProtocols
FNDA:1,UBIRevenueTracker.getAllProtocols
DA:168,1
DA:169,1
DA:170,2
DA:178,3
FN:178,UBIRevenueTracker.getSnapshots
FNDA:3,UBIRevenueTracker.getSnapshots
DA:179,3
DA:180,3
DA:181,3
DA:182,3
DA:183,5
DA:190,1
FN:190,UBIRevenueTracker.getDashboardData
FNDA:1,UBIRevenueTracker.getDashboardData
DA:200,1
DA:201,1
DA:202,1
DA:203,1
DA:204,1
DA:205,1
DA:206,1
DA:207,1
DA:212,2
FN:212,UBIRevenueTracker.setProtocolActive
FNDA:2,UBIRevenueTracker.setProtocolActive
DA:213,2
BRDA:213,4,0,-
BRDA:213,4,1,-
DA:214,2
DA:217,2
FN:217,UBIRevenueTracker.transferAdmin
FNDA:2,UBIRevenueTracker.transferAdmin
DA:218,2
BRDA:218,5,0,-
BRDA:218,5,1,-
DA:219,2
DA:222,0
FN:222,UBIRevenueTracker.setFeeSplitter
FNDA:0,UBIRevenueTracker.setFeeSplitter
DA:223,0
BRDA:223,6,0,-
BRDA:223,6,1,-
DA:224,0
DA:229,11
FN:229,UBIRevenueTracker._activeCount
FNDA:11,UBIRevenueTracker._activeCount
DA:230,11
DA:231,13
BRDA:231,7,0,13
FNF:13
FNH:12
LF:60
LH:57
BRF:15
BRH:1
end_of_record
TN:
SF:src/ValidatorStaking.sol
DA:68,105
FN:68,ValidatorStaking.onlyAdmin
FNDA:105,ValidatorStaking.onlyAdmin
DA:69,105
BRDA:69,0,0,1
DA:73,29
FN:73,ValidatorStaking.constructor
FNDA:29,ValidatorStaking.constructor
DA:74,29
DA:75,29
DA:83,35
FN:83,ValidatorStaking.stake
FNDA:35,ValidatorStaking.stake
DA:84,35
BRDA:84,1,0,1
DA:86,34
DA:88,34
DA:89,34
BRDA:89,2,0,31
BRDA:89,2,1,2
DA:91,31
BRDA:91,3,0,30
DA:92,30
DA:93,30
DA:95,31
DA:96,31
DA:97,31
DA:98,31
DA:99,31
DA:103,3
DA:104,3
BRDA:104,4,0,2
DA:105,2
DA:107,3
DA:109,34
DA:110,34
DA:112,34
DA:121,18
FN:121,ValidatorStaking.initiateUnstake
FNDA:18,ValidatorStaking.initiateUnstake
DA:122,18
DA:123,18
BRDA:123,5,0,1
DA:124,17
BRDA:124,6,0,1
DA:125,16
BRDA:125,7,0,1
DA:127,15
DA:128,15
DA:130,15
DA:135,15
BRDA:135,8,0,12
DA:136,12
DA:137,12
DA:140,15
DA:146,6
FN:146,ValidatorStaking.completeUnstake
FNDA:6,ValidatorStaking.completeUnstake
DA:147,6
DA:148,6
BRDA:148,9,0,1
DA:149,5
BRDA:149,10,0,2
DA:150,2
DA:153,3
DA:157,3
BRDA:157,11,0,3
DA:158,3
DA:161,3
DA:162,3
DA:171,104
FN:171,ValidatorStaking.slash
FNDA:104,ValidatorStaking.slash
DA:172,104
DA:173,104
BRDA:173,12,0,104
BRDA:173,12,1,101
DA:175,104
DA:176,104
DA:179,104
BRDA:179,13,0,3
BRDA:179,13,1,-
DA:180,3
DA:181,3
DA:183,101
DA:184,101
DA:186,101
DA:187,101
DA:189,101
BRDA:189,14,0,-
DA:190,0
DA:192,101
DA:195,104
BRDA:195,15,0,102
DA:196,1
BRDA:196,16,0,1
DA:197,102
DA:201,104
BRDA:201,17,0,-
DA:202,0
DA:205,104
DA:206,104
DA:214,11
FN:214,ValidatorStaking.pendingRewards
FNDA:11,ValidatorStaking.pendingRewards
DA:215,11
DA:216,11
BRDA:216,18,0,-
DA:218,11
DA:219,11
DA:220,11
DA:230,3
FN:230,ValidatorStaking.claimRewards
FNDA:3,ValidatorStaking.claimRewards
DA:231,3
DA:232,3
BRDA:232,19,0,-
BRDA:232,19,1,-
DA:233,3
DA:234,3
BRDA:234,20,0,-
BRDA:234,20,1,-
DA:235,3
BRDA:235,21,0,3
BRDA:235,21,1,-
DA:239,3
DA:240,3
DA:241,3
DA:242,3
DA:251,3
FN:251,ValidatorStaking._removeFromValidatorList
FNDA:3,ValidatorStaking._removeFromValidatorList
DA:252,3
DA:253,3
BRDA:253,22,0,-
DA:254,3
DA:255,3
BRDA:255,23,0,1
DA:256,1
DA:257,1
DA:258,1
DA:260,3
DA:266,8
FN:266,ValidatorStaking.activeValidatorCount
FNDA:8,ValidatorStaking.activeValidatorCount
DA:267,8
DA:270,9
FN:270,ValidatorStaking.validatorCount
FNDA:9,ValidatorStaking.validatorCount
DA:271,9
DA:274,105
FN:274,ValidatorStaking.getUnbondingRequest
FNDA:105,ValidatorStaking.getUnbondingRequest
DA:279,105
FNF:12
FNH:12
LF:100
LH:98
BRF:30
BRH:20
end_of_record
TN:
SF:src/bridge/FastWithdrawalLP.sol
DA:97,3
FN:97,FastWithdrawalLP.nonReentrant
FNDA:3,FastWithdrawalLP.nonReentrant
DA:98,0
BRDA:98,0,0,-
DA:99,3
DA:101,2
DA:104,0
FN:104,FastWithdrawalLP.onlyAdmin
FNDA:0,FastWithdrawalLP.onlyAdmin
DA:105,0
BRDA:105,1,0,-
DA:111,23
FN:111,FastWithdrawalLP.constructor
FNDA:23,FastWithdrawalLP.constructor
DA:112,23
BRDA:112,2,0,-
DA:113,22
BRDA:113,3,0,-
DA:114,22
BRDA:114,4,0,1
DA:116,21
DA:117,21
DA:118,21
DA:124,9
FN:124,FastWithdrawalLP.depositLiquidity
FNDA:9,FastWithdrawalLP.depositLiquidity
DA:125,9
BRDA:125,5,0,-
DA:126,9
BRDA:126,6,0,1
DA:128,8
DA:129,8
BRDA:129,7,0,-
DA:131,8
DA:132,8
DA:134,8
DA:138,4
FN:138,FastWithdrawalLP.depositETHLiquidity
FNDA:4,FastWithdrawalLP.depositETHLiquidity
DA:139,4
BRDA:139,8,0,-
DA:141,4
DA:142,4
DA:144,4
DA:148,3
FN:148,FastWithdrawalLP.withdrawLiquidity
FNDA:3,FastWithdrawalLP.withdrawLiquidity
DA:149,3
BRDA:149,9,0,-
DA:150,3
BRDA:150,10,0,1
DA:152,2
DA:153,2
DA:155,2
DA:156,2
BRDA:156,11,0,-
DA:158,2
DA:162,1
FN:162,FastWithdrawalLP.withdrawETHLiquidity
FNDA:1,FastWithdrawalLP.withdrawETHLiquidity
DA:163,1
BRDA:163,12,0,-
DA:164,1
BRDA:164,13,0,-
DA:166,1
DA:167,1
DA:169,1
DA:170,1
BRDA:170,14,0,-
DA:172,1
DA:182,8
FN:182,FastWithdrawalLP.claimFastWithdrawal
FNDA:8,FastWithdrawalLP.claimFastWithdrawal
DA:188,8
BRDA:188,15,0,-
DA:189,8
BRDA:189,16,0,-
DA:190,1
BRDA:190,17,0,1
DA:193,7
DA:194,7
BRDA:194,18,0,1
DA:196,6
DA:199,6
DA:200,6
DA:201,6
DA:202,6
DA:205,6
DA:206,6
DA:209,6
DA:210,6
BRDA:210,19,0,-
DA:213,6
BRDA:213,20,0,6
DA:214,6
DA:215,6
BRDA:215,21,0,-
DA:220,6
DA:228,6
DA:229,6
DA:231,6
DA:235,2
FN:235,FastWithdrawalLP.claimFastETHWithdrawal
FNDA:2,FastWithdrawalLP.claimFastETHWithdrawal
DA:240,2
BRDA:240,22,0,-
DA:241,2
BRDA:241,23,0,-
DA:242,0
BRDA:242,24,0,-
DA:244,2
DA:245,2
BRDA:245,25,0,-
DA:247,2
DA:249,2
DA:250,2
DA:251,2
DA:252,2
DA:254,2
DA:255,2
DA:258,2
DA:259,2
BRDA:259,26,0,-
DA:262,2
BRDA:262,27,0,2
DA:263,2
DA:264,2
BRDA:264,28,0,-
DA:267,2
DA:274,2
DA:275,2
DA:277,2
DA:287,4
FN:287,FastWithdrawalLP.settleWithdrawal
FNDA:4,FastWithdrawalLP.settleWithdrawal
DA:288,4
DA:289,4
BRDA:289,29,0,-
DA:290,1
BRDA:290,30,0,1
DA:291,3
BRDA:291,31,0,-
DA:293,3
DA:295,3
BRDA:295,32,0,-
BRDA:295,32,1,-
DA:298,0
DA:299,0
DA:302,3
DA:303,3
BRDA:303,33,0,-
DA:304,3
DA:305,3
DA:308,0
DA:312,1
FN:312,FastWithdrawalLP.settleETHWithdrawal
FNDA:1,FastWithdrawalLP.settleETHWithdrawal
DA:313,1
DA:314,1
BRDA:314,34,0,-
DA:315,0
BRDA:315,35,0,-
DA:316,1
BRDA:316,36,0,-
DA:317,1
BRDA:317,37,0,-
DA:319,1
DA:321,1
DA:322,1
DA:324,1
DA:329,2
FN:329,FastWithdrawalLP.setFeeBps
FNDA:2,FastWithdrawalLP.setFeeBps
DA:330,2
BRDA:330,38,0,1
DA:331,1
DA:334,0
FN:334,FastWithdrawalLP.setUBIPool
FNDA:0,FastWithdrawalLP.setUBIPool
DA:335,0
BRDA:335,39,0,-
DA:336,0
DA:339,0
FN:339,FastWithdrawalLP.setAdmin
FNDA:0,FastWithdrawalLP.setAdmin
DA:340,0
BRDA:340,40,0,-
DA:341,0
DA:349,7
FN:349,FastWithdrawalLP._findLP
FNDA:7,FastWithdrawalLP._findLP
DA:350,7
BRDA:350,41,0,6
DA:351,1
DA:354,2
FN:354,FastWithdrawalLP._findETHLP
FNDA:2,FastWithdrawalLP._findETHLP
DA:355,2
BRDA:355,42,0,2
DA:356,0
FNF:16
FNH:13
LF:125
LH:110
BRF:44
BRH:11
end_of_record
TN:
SF:src/bridge/GoodDollarBridgeL1.sol
DA:64,3
FN:64,GoodDollarBridgeL1.onlyAdmin
FNDA:3,GoodDollarBridgeL1.onlyAdmin
DA:65,3
BRDA:65,0,0,1
DA:69,7
FN:69,GoodDollarBridgeL1.whenNotPaused
FNDA:7,GoodDollarBridgeL1.whenNotPaused
DA:70,0
BRDA:70,1,0,-
DA:74,0
FN:74,GoodDollarBridgeL1.onlyFromL2Bridge
FNDA:0,GoodDollarBridgeL1.onlyFromL2Bridge
DA:75,0
BRDA:75,2,0,-
DA:76,0
BRDA:76,3,0,-
DA:82,7
FN:82,GoodDollarBridgeL1.peerConfigured
FNDA:7,GoodDollarBridgeL1.peerConfigured
DA:83,7
BRDA:83,4,0,1
DA:87,52
FN:87,GoodDollarBridgeL1.constructor
FNDA:52,GoodDollarBridgeL1.constructor
DA:93,52
BRDA:93,5,0,-
DA:94,51
BRDA:94,6,0,1
DA:95,50
BRDA:95,7,0,-
DA:96,50
BRDA:96,8,0,-
DA:98,50
DA:99,50
DA:100,50
DA:101,50
DA:104,48
FN:104,GoodDollarBridgeL1.setL2Bridge
FNDA:48,GoodDollarBridgeL1.setL2Bridge
DA:105,48
BRDA:105,9,0,-
DA:106,48
DA:111,11
FN:111,GoodDollarBridgeL1.depositGDollar
FNDA:11,GoodDollarBridgeL1.depositGDollar
DA:112,11
BRDA:112,10,0,1
DA:113,10
BRDA:113,11,0,1
DA:115,9
DA:116,9
BRDA:116,12,0,-
DA:118,9
DA:119,9
DA:121,9
DA:125,9
DA:127,9
DA:128,9
DA:131,1
FN:131,GoodDollarBridgeL1.depositUSDC
FNDA:1,GoodDollarBridgeL1.depositUSDC
DA:132,1
BRDA:132,13,0,-
DA:133,1
BRDA:133,14,0,-
DA:135,1
DA:136,1
BRDA:136,15,0,-
DA:138,1
DA:139,1
DA:141,1
DA:145,1
DA:147,1
DA:148,1
DA:151,6
FN:151,GoodDollarBridgeL1.depositETH
FNDA:6,GoodDollarBridgeL1.depositETH
DA:152,6
BRDA:152,16,0,1
DA:153,5
BRDA:153,17,0,-
DA:155,5
DA:157,5
DA:161,5
DA:163,5
DA:169,2
FN:169,GoodDollarBridgeL1.finalizeGDollarWithdrawal
FNDA:2,GoodDollarBridgeL1.finalizeGDollarWithdrawal
DA:173,2
DA:174,2
DA:175,2
BRDA:175,18,0,-
DA:177,2
DA:178,2
DA:181,0
FN:181,GoodDollarBridgeL1.finalizeUSDCWithdrawal
FNDA:0,GoodDollarBridgeL1.finalizeUSDCWithdrawal
DA:185,0
DA:186,0
DA:187,0
BRDA:187,19,0,-
DA:189,0
DA:190,0
DA:193,2
FN:193,GoodDollarBridgeL1.finalizeETHWithdrawal
FNDA:2,GoodDollarBridgeL1.finalizeETHWithdrawal
DA:197,2
BRDA:197,20,0,-
DA:198,2
DA:200,2
DA:201,2
BRDA:201,21,0,-
DA:203,2
DA:208,2
FN:208,GoodDollarBridgeL1.setPaused
FNDA:2,GoodDollarBridgeL1.setPaused
DA:209,2
DA:212,0
FN:212,GoodDollarBridgeL1.setAdmin
FNDA:0,GoodDollarBridgeL1.setAdmin
DA:213,0
BRDA:213,22,0,-
DA:214,0
FNF:14
FNH:11
LF:73
LH:60
BRF:23
BRH:6
end_of_record
TN:
SF:src/bridge/GoodDollarBridgeL2.sol
DA:68,11
FN:68,GoodDollarBridgeL2.nonReentrant
FNDA:11,GoodDollarBridgeL2.nonReentrant
DA:69,0
BRDA:69,0,0,-
DA:70,11
DA:72,8
DA:75,1
FN:75,GoodDollarBridgeL2.onlyAdmin
FNDA:1,GoodDollarBridgeL2.onlyAdmin
DA:76,1
BRDA:76,1,0,-
DA:80,6
FN:80,GoodDollarBridgeL2.whenNotPaused
FNDA:6,GoodDollarBridgeL2.whenNotPaused
DA:81,1
BRDA:81,2,0,1
DA:85,7
FN:85,GoodDollarBridgeL2.onlyFromL1Bridge
FNDA:7,GoodDollarBridgeL2.onlyFromL1Bridge
DA:86,7
BRDA:86,3,0,1
DA:87,6
BRDA:87,4,0,-
DA:93,5
FN:93,GoodDollarBridgeL2.peerConfigured
FNDA:5,GoodDollarBridgeL2.peerConfigured
DA:94,5
BRDA:94,5,0,1
DA:98,50
FN:98,GoodDollarBridgeL2.constructor
FNDA:50,GoodDollarBridgeL2.constructor
DA:102,50
BRDA:102,6,0,-
DA:103,50
BRDA:103,7,0,-
DA:105,50
DA:106,50
DA:109,48
FN:109,GoodDollarBridgeL2.setL1Bridge
FNDA:48,GoodDollarBridgeL2.setL1Bridge
DA:110,48
BRDA:110,8,0,-
DA:111,48
DA:114,98
FN:114,GoodDollarBridgeL2.mapToken
FNDA:98,GoodDollarBridgeL2.mapToken
DA:115,98
BRDA:115,9,0,-
DA:116,98
DA:122,6
FN:122,GoodDollarBridgeL2.finalizeDeposit
FNDA:6,GoodDollarBridgeL2.finalizeDeposit
DA:128,6
DA:129,6
BRDA:129,10,0,1
DA:131,5
DA:132,5
DA:134,5
DA:140,5
FN:140,GoodDollarBridgeL2.finalizeETHDeposit
FNDA:5,GoodDollarBridgeL2.finalizeETHDeposit
DA:147,5
DA:148,5
BRDA:148,11,0,2
DA:150,3
DA:151,3
BRDA:151,12,0,-
DA:153,3
DA:159,4
FN:159,GoodDollarBridgeL2.withdrawGDollar
FNDA:4,GoodDollarBridgeL2.withdrawGDollar
DA:160,4
BRDA:160,13,0,1
DA:161,3
BRDA:161,14,0,-
DA:163,3
DA:164,3
BRDA:164,15,0,-
DA:166,3
DA:167,3
DA:169,3
DA:173,3
DA:175,3
DA:178,0
FN:178,GoodDollarBridgeL2.withdrawUSDC
FNDA:0,GoodDollarBridgeL2.withdrawUSDC
DA:179,0
BRDA:179,16,0,-
DA:180,0
BRDA:180,17,0,-
DA:182,0
DA:183,0
BRDA:183,18,0,-
DA:185,0
DA:186,0
DA:188,0
DA:192,0
DA:194,0
DA:203,10
FN:203,GoodDollarBridgeL2.withdrawETH
FNDA:10,GoodDollarBridgeL2.withdrawETH
DA:204,10
BRDA:204,19,0,-
DA:205,10
BRDA:205,20,0,-
DA:206,10
BRDA:206,21,0,2
DA:209,8
DA:211,8
DA:215,8
DA:217,8
DA:222,1
FN:222,GoodDollarBridgeL2.setPaused
FNDA:1,GoodDollarBridgeL2.setPaused
DA:223,1
DA:226,0
FN:226,GoodDollarBridgeL2.setAdmin
FNDA:0,GoodDollarBridgeL2.setAdmin
DA:227,0
BRDA:227,22,0,-
DA:228,0
FNF:15
FNH:13
LF:69
LH:55
BRF:23
BRH:7
end_of_record
TN:
SF:src/bridge/L1StandardBridge.sol
DA:39,15
FN:39,L1StandardBridge.constructor
FNDA:15,L1StandardBridge.constructor
DA:40,15
DA:41,15
DA:45,9
FN:45,L1StandardBridge.initialize
FNDA:9,L1StandardBridge.initialize
DA:46,9
BRDA:46,0,0,-
BRDA:46,0,1,-
DA:47,9
DA:51,5
FN:51,L1StandardBridge.bridgeETH
FNDA:5,L1StandardBridge.bridgeETH
DA:52,5
BRDA:52,1,0,-
BRDA:52,1,1,-
DA:54,5
DA:55,5
DA:58,5
BRDA:58,2,0,5
DA:59,5
DA:60,5
BRDA:60,3,0,-
BRDA:60,3,1,-
DA:63,5
DA:67,3
FN:67,L1StandardBridge.bridgeETHTo
FNDA:3,L1StandardBridge.bridgeETHTo
DA:68,3
BRDA:68,4,0,-
BRDA:68,4,1,-
DA:70,3
DA:71,3
DA:73,3
BRDA:73,5,0,3
DA:74,3
DA:75,3
BRDA:75,6,0,-
BRDA:75,6,1,-
DA:78,3
DA:82,0
FN:82,L1StandardBridge.bridgeERC20
FNDA:0,L1StandardBridge.bridgeERC20
DA:89,0
BRDA:89,7,0,-
BRDA:89,7,1,-
DA:90,0
DA:92,0
DA:96,1
FN:96,L1StandardBridge.finalizeETHWithdrawal
FNDA:1,L1StandardBridge.finalizeETHWithdrawal
DA:103,1
DA:104,1
BRDA:104,8,0,-
BRDA:104,8,1,-
DA:106,1
DA:110,0
FN:110,L1StandardBridge.finalizeERC20Withdrawal
FNDA:0,L1StandardBridge.finalizeERC20Withdrawal
DA:118,0
DA:119,0
BRDA:119,9,0,-
BRDA:119,9,1,-
DA:121,0
DA:125,0
FN:125,L1StandardBridge.setTokenPair
FNDA:0,L1StandardBridge.setTokenPair
DA:126,0
BRDA:126,10,0,-
BRDA:126,10,1,-
DA:127,0
DA:131,2
FN:131,L1StandardBridge.setUBIFee
FNDA:2,L1StandardBridge.setUBIFee
DA:132,2
BRDA:132,11,0,-
BRDA:132,11,1,-
DA:133,2
BRDA:133,12,0,-
BRDA:133,12,1,-
DA:134,2
FNF:9
FNH:6
LF:41
LH:30
BRF:24
BRH:2
end_of_record
TN:
SF:src/bridge/L2OutputOracle.sol
DA:51,22
FN:51,L2OutputOracle.constructor
FNDA:22,L2OutputOracle.constructor
DA:52,22
DA:53,22
DA:54,22
DA:55,22
DA:56,22
DA:57,22
DA:61,25
FN:61,L2OutputOracle.proposeL2Output
FNDA:25,L2OutputOracle.proposeL2Output
DA:67,25
BRDA:67,0,0,-
BRDA:67,0,1,-
DA:68,24
BRDA:68,1,0,-
BRDA:68,1,1,-
DA:73,24
DA:74,24
DA:80,24
DA:84,2
FN:84,L2OutputOracle.deleteL2Outputs
FNDA:2,L2OutputOracle.deleteL2Outputs
DA:85,2
BRDA:85,2,0,-
BRDA:85,2,1,-
DA:86,2
BRDA:86,3,0,-
BRDA:86,3,1,-
DA:88,2
DA:91,2
DA:96,0
DA:99,2
DA:103,27
FN:103,L2OutputOracle.nextBlockNumber
FNDA:27,L2OutputOracle.nextBlockNumber
DA:104,27
BRDA:104,4,0,7
DA:105,20
DA:109,0
FN:109,L2OutputOracle.latestOutputIndex
FNDA:0,L2OutputOracle.latestOutputIndex
DA:110,0
BRDA:110,5,0,-
BRDA:110,5,1,-
DA:111,0
DA:115,2
FN:115,L2OutputOracle.getL2Output
FNDA:2,L2OutputOracle.getL2Output
DA:116,2
BRDA:116,6,0,-
BRDA:116,6,1,-
DA:117,2
DA:121,6
FN:121,L2OutputOracle.latestBlockNumber
FNDA:6,L2OutputOracle.latestBlockNumber
DA:122,6
BRDA:122,7,0,-
DA:123,6
FNF:7
FNH:6
LF:32
LH:28
BRF:14
BRH:1
end_of_record
TN:
SF:src/bridge/MultiChainBridge.sol
DA:140,0
FN:140,MultiChainBridge.onlyAdmin
FNDA:0,MultiChainBridge.onlyAdmin
DA:141,0
BRDA:141,0,0,-
DA:147,23
FN:147,MultiChainBridge.constructor
FNDA:23,MultiChainBridge.constructor
DA:154,23
DA:155,23
DA:156,23
DA:157,23
DA:158,23
DA:159,23
DA:162,23
DA:163,23
DA:164,23
DA:165,23
DA:166,23
DA:167,23
DA:168,23
DA:173,1
FN:173,MultiChainBridge.setRoutingFeeBps
FNDA:1,MultiChainBridge.setRoutingFeeBps
DA:174,1
BRDA:174,1,0,-
BRDA:174,1,1,-
DA:175,1
DA:178,1
FN:178,MultiChainBridge.setSupportedChain
FNDA:1,MultiChainBridge.setSupportedChain
DA:179,1
DA:180,1
DA:183,69
FN:183,MultiChainBridge.setTokenMapping
FNDA:69,MultiChainBridge.setTokenMapping
DA:184,69
DA:185,69
DA:188,1
FN:188,MultiChainBridge.batchSetTokenMappings
FNDA:1,MultiChainBridge.batchSetTokenMappings
DA:193,1
BRDA:193,2,0,1
BRDA:193,2,1,1
DA:194,1
DA:195,2
DA:196,2
DA:200,0
FN:200,MultiChainBridge.setLiFiAggregator
FNDA:0,MultiChainBridge.setLiFiAggregator
DA:201,0
DA:204,0
FN:204,MultiChainBridge.setNativeBridge
FNDA:0,MultiChainBridge.setNativeBridge
DA:205,0
DA:208,0
FN:208,MultiChainBridge.setFastWithdrawalLP
FNDA:0,MultiChainBridge.setFastWithdrawalLP
DA:209,0
DA:212,0
FN:212,MultiChainBridge.setUBIPool
FNDA:0,MultiChainBridge.setUBIPool
DA:213,0
DA:229,13
FN:229,MultiChainBridge.bridgeTokens
FNDA:13,MultiChainBridge.bridgeTokens
DA:238,13
BRDA:238,3,0,1
DA:239,12
BRDA:239,4,0,1
DA:240,11
BRDA:240,5,0,1
DA:241,10
BRDA:241,6,0,1
DA:244,9
BRDA:244,7,0,-
DA:245,0
DA:249,9
DA:250,9
DA:251,9
DA:254,9
DA:255,9
BRDA:255,8,0,1
BRDA:255,8,1,-
DA:257,1
DA:258,1
DA:259,1
DA:260,8
BRDA:260,9,0,2
BRDA:260,9,1,-
DA:262,2
DA:267,6
DA:268,6
DA:269,6
BRDA:269,10,0,1
DA:271,5
DA:272,5
DA:283,8
DA:284,8
DA:296,8
DA:298,1
DA:307,4
FN:307,MultiChainBridge.bridgeETH
FNDA:4,MultiChainBridge.bridgeETH
DA:314,4
BRDA:314,11,0,-
DA:315,4
BRDA:315,12,0,-
DA:316,4
BRDA:316,13,0,-
DA:317,4
BRDA:317,14,0,-
DA:319,4
DA:320,4
DA:321,4
DA:323,4
DA:324,4
BRDA:324,15,0,1
BRDA:324,15,1,-
DA:325,1
DA:326,1
DA:327,3
BRDA:327,16,0,1
BRDA:327,16,1,-
DA:328,1
DA:330,2
DA:331,2
DA:340,4
DA:341,4
DA:353,4
DA:355,1
DA:363,9
FN:363,MultiChainBridge._distributeFee
FNDA:9,MultiChainBridge._distributeFee
DA:364,9
BRDA:364,17,0,-
DA:365,9
DA:366,9
DA:368,9
BRDA:368,18,0,9
DA:369,9
BRDA:369,19,0,-
DA:372,9
DA:375,4
FN:375,MultiChainBridge._distributeFeeETH
FNDA:4,MultiChainBridge._distributeFeeETH
DA:376,4
BRDA:376,20,0,-
DA:377,4
DA:378,4
BRDA:378,21,0,4
DA:379,4
DA:380,4
BRDA:380,22,0,-
BRDA:380,22,1,-
DA:382,4
DA:387,1
FN:387,MultiChainBridge.getUserRequests
FNDA:1,MultiChainBridge.getUserRequests
DA:388,1
DA:391,0
FN:391,MultiChainBridge.getRequest
FNDA:0,MultiChainBridge.getRequest
DA:392,0
DA:400,3
FN:400,MultiChainBridge.getRouteInfo
FNDA:3,MultiChainBridge.getRouteInfo
DA:405,3
BRDA:405,23,0,-
DA:406,0
DA:408,3
BRDA:408,24,0,2
DA:409,1
BRDA:409,25,0,1
DA:410,1
DA:412,1
DA:414,1
DA:418,1
FN:418,MultiChainBridge.withdrawProtocolFees
FNDA:1,MultiChainBridge.withdrawProtocolFees
DA:419,1
BRDA:419,26,0,-
BRDA:419,26,1,-
DA:420,0
DA:421,0
BRDA:421,27,0,-
BRDA:421,27,1,-
DA:423,1
BRDA:423,28,0,-
FNF:18
FNH:12
LF:115
LH:99
BRF:38
BRH:15
end_of_record
TN:
SF:src/bridge/OptimismPortal.sol
DA:48,17
FN:48,OptimismPortal.constructor
FNDA:17,OptimismPortal.constructor
DA:49,17
DA:50,17
DA:54,17
FN:54,OptimismPortal.initialize
FNDA:17,OptimismPortal.initialize
DA:55,17
BRDA:55,0,0,-
BRDA:55,0,1,-
DA:56,17
DA:60,6
FN:60,OptimismPortal.depositTransaction
FNDA:6,OptimismPortal.depositTransaction
DA:67,6
BRDA:67,1,0,-
BRDA:67,1,1,-
DA:69,4
DA:70,6
DA:77,4
DA:81,0
FN:81,OptimismPortal.proveWithdrawalTransaction
FNDA:0,OptimismPortal.proveWithdrawalTransaction
DA:86,0
BRDA:86,2,0,-
BRDA:86,2,1,-
DA:87,0
DA:91,4
FN:91,OptimismPortal.finalizeWithdrawalTransaction
FNDA:4,OptimismPortal.finalizeWithdrawalTransaction
DA:96,4
BRDA:96,3,0,-
BRDA:96,3,1,-
DA:97,4
BRDA:97,4,0,-
BRDA:97,4,1,-
DA:99,3
DA:102,3
DA:103,3
DA:105,4
BRDA:105,5,0,3
DA:106,3
DA:107,3
BRDA:107,6,0,-
BRDA:107,6,1,-
DA:110,4
DA:111,4
BRDA:111,7,0,-
BRDA:111,7,1,-
DA:113,4
DA:117,3
FN:117,OptimismPortal.pause
FNDA:3,OptimismPortal.pause
DA:118,3
BRDA:118,8,0,-
BRDA:118,8,1,-
DA:119,3
DA:120,3
DA:124,2
FN:124,OptimismPortal.unpause
FNDA:2,OptimismPortal.unpause
DA:125,2
BRDA:125,9,0,-
BRDA:125,9,1,-
DA:126,2
DA:127,2
DA:131,2
FN:131,OptimismPortal.setUBIFee
FNDA:2,OptimismPortal.setUBIFee
DA:132,2
BRDA:132,10,0,-
BRDA:132,10,1,-
DA:133,2
BRDA:133,11,0,-
BRDA:133,11,1,-
DA:134,2
DA:138,0
FN:138,OptimismPortal.setUBITreasury
FNDA:0,OptimismPortal.setUBITreasury
DA:139,0
BRDA:139,12,0,-
BRDA:139,12,1,-
DA:140,0
DA:144,1
FN:144,OptimismPortal.receive
FNDA:1,OptimismPortal.receive
DA:145,1
FNF:10
FNH:8
LF:43
LH:37
BRF:25
BRH:1
end_of_record
TN:
SF:src/bridge/SystemConfig.sol
DA:46,15
FN:46,SystemConfig.constructor
FNDA:15,SystemConfig.constructor
DA:47,15
DA:48,15
DA:49,15
DA:50,15
DA:51,15
DA:52,15
DA:53,15
DA:54,15
DA:65,2
FN:65,SystemConfig.setGasConfig
FNDA:2,SystemConfig.setGasConfig
DA:66,2
BRDA:66,0,0,-
BRDA:66,0,1,-
DA:67,2
DA:68,2
DA:69,2
DA:73,3
FN:73,SystemConfig.setGasLimit
FNDA:3,SystemConfig.setGasLimit
DA:74,3
BRDA:74,1,0,-
BRDA:74,1,1,-
DA:75,3
BRDA:75,2,0,-
BRDA:75,2,1,-
DA:76,2
DA:77,2
DA:81,0
FN:81,SystemConfig.setBatcherHash
FNDA:0,SystemConfig.setBatcherHash
DA:82,0
BRDA:82,3,0,-
BRDA:82,3,1,-
DA:83,0
DA:84,0
DA:88,3
FN:88,SystemConfig.setUBIFee
FNDA:3,SystemConfig.setUBIFee
DA:89,3
BRDA:89,4,0,-
BRDA:89,4,1,-
DA:90,3
BRDA:90,5,0,-
BRDA:90,5,1,-
DA:91,2
DA:92,2
DA:96,0
FN:96,SystemConfig.setUnsafeBlockSigner
FNDA:0,SystemConfig.setUnsafeBlockSigner
DA:97,0
BRDA:97,6,0,-
BRDA:97,6,1,-
DA:98,0
DA:102,1
FN:102,SystemConfig.transferOwnership
FNDA:1,SystemConfig.transferOwnership
DA:103,1
BRDA:103,7,0,-
BRDA:103,7,1,-
DA:104,1
FNF:7
FNH:5
LF:34
LH:27
BRF:16
BRH:0
end_of_record
TN:
SF:src/governance/GoodDAO.sol
DA:84,2
FN:84,GoodDAO.onlyGuardian
FNDA:2,GoodDAO.onlyGuardian
DA:85,2
BRDA:85,0,0,1
DA:89,15
FN:89,GoodDAO.constructor
FNDA:15,GoodDAO.constructor
DA:90,15
DA:91,15
DA:97,13
FN:97,GoodDAO.propose
FNDA:13,GoodDAO.propose
DA:103,13
DA:104,13
DA:107,13
BRDA:107,1,0,1
DA:108,1
DA:110,12
BRDA:110,2,0,-
DA:111,0
DA:114,12
DA:115,12
DA:117,12
DA:118,12
DA:119,12
DA:120,12
DA:121,12
DA:122,12
DA:123,12
DA:124,12
DA:125,12
DA:127,12
DA:128,0
DA:132,16
FN:132,GoodDAO.castVote
FNDA:16,GoodDAO.castVote
DA:133,16
DA:134,16
BRDA:134,3,0,1
DA:136,15
DA:137,1
BRDA:137,4,0,1
DA:140,14
DA:142,14
DA:143,14
DA:144,14
DA:146,14
BRDA:146,5,0,9
BRDA:146,5,1,1
DA:147,9
DA:148,5
BRDA:148,6,0,4
BRDA:148,6,1,1
DA:149,4
DA:151,1
DA:154,14
DA:155,0
DA:159,3
FN:159,GoodDAO.queue
FNDA:3,GoodDAO.queue
DA:160,3
BRDA:160,7,0,-
DA:162,3
DA:163,3
DA:165,3
DA:169,3
FN:169,GoodDAO.execute
FNDA:3,GoodDAO.execute
DA:170,3
BRDA:170,8,0,1
DA:172,2
DA:173,2
BRDA:173,9,0,1
DA:174,1
BRDA:174,10,0,-
DA:176,1
DA:178,1
DA:179,1
DA:180,1
BRDA:180,11,0,-
DA:183,1
DA:187,3
FN:187,GoodDAO.cancel
FNDA:3,GoodDAO.cancel
DA:188,3
DA:189,3
BRDA:189,12,0,-
DA:190,3
BRDA:190,13,0,1
DA:192,2
DA:193,2
DA:198,16
FN:198,GoodDAO.state
FNDA:16,GoodDAO.state
DA:199,16
DA:200,2
BRDA:200,14,0,2
DA:201,1
BRDA:201,15,0,1
DA:202,13
BRDA:202,16,0,1
DA:203,12
BRDA:203,17,0,1
DA:206,11
DA:207,11
DA:209,11
BRDA:209,18,0,1
DA:210,10
BRDA:210,19,0,1
DA:213,9
BRDA:213,20,0,5
DA:216,4
BRDA:216,21,0,1
DA:217,3
DA:220,0
FN:220,GoodDAO.getProposalTargets
FNDA:0,GoodDAO.getProposalTargets
DA:221,0
DA:224,0
FN:224,GoodDAO.getProposalCalldatas
FNDA:0,GoodDAO.getProposalCalldatas
DA:225,0
DA:228,0
FN:228,GoodDAO.getProposalValues
FNDA:0,GoodDAO.getProposalValues
DA:229,0
DA:233,1
FN:233,GoodDAO.transferGuardian
FNDA:1,GoodDAO.transferGuardian
DA:234,1
DA:235,1
FNF:12
FNH:9
LF:84
LH:75
BRF:24
BRH:19
end_of_record
TN:
SF:src/governance/GoodTimelock.sol
DA:67,2
FN:67,GoodTimelock.onlyProposer
FNDA:2,GoodTimelock.onlyProposer
DA:68,2
BRDA:68,0,0,-
DA:72,11
FN:72,GoodTimelock.onlyExecutor
FNDA:11,GoodTimelock.onlyExecutor
DA:74,11
BRDA:74,1,0,1
DA:78,1
FN:78,GoodTimelock.onlyAdmin
FNDA:1,GoodTimelock.onlyAdmin
DA:79,1
BRDA:79,2,0,-
DA:83,2
FN:83,GoodTimelock.onlySelf
FNDA:2,GoodTimelock.onlySelf
DA:84,2
BRDA:84,3,0,1
DA:88,24
FN:88,GoodTimelock.constructor
FNDA:24,GoodTimelock.constructor
DA:95,24
BRDA:95,4,0,1
DA:97,23
DA:98,23
DA:99,23
DA:101,23
DA:102,23
DA:103,23
DA:105,23
DA:106,23
DA:107,23
DA:119,2
FN:119,GoodTimelock.scheduleBatch
FNDA:2,GoodTimelock.scheduleBatch
DA:125,2
BRDA:125,5,0,-
DA:126,0
DA:129,2
DA:130,2
BRDA:130,6,0,-
DA:132,2
DA:133,2
DA:135,2
DA:136,0
DA:140,16
FN:140,GoodTimelock.schedule
FNDA:16,GoodTimelock.schedule
DA:146,16
DA:147,16
DA:148,16
DA:149,16
DA:150,16
DA:151,16
DA:153,16
DA:154,16
BRDA:154,7,0,1
DA:156,15
DA:157,15
DA:159,15
DA:160,0
DA:166,1
FN:166,GoodTimelock.executeBatch
FNDA:1,GoodTimelock.executeBatch
DA:172,1
DA:175,1
DA:176,1
BRDA:176,8,0,-
DA:177,1
BRDA:177,9,0,-
DA:178,1
BRDA:178,10,0,-
DA:181,1
BRDA:181,11,0,-
DA:182,0
DA:186,1
DA:189,1
DA:190,2
DA:191,2
BRDA:191,12,0,-
DA:194,1
DA:198,10
FN:198,GoodTimelock.execute
FNDA:10,GoodTimelock.execute
DA:204,10
DA:205,10
DA:206,10
DA:207,10
DA:208,10
DA:209,10
DA:211,10
DA:213,10
DA:214,10
BRDA:214,13,0,-
DA:215,10
BRDA:215,14,0,1
DA:216,9
BRDA:216,15,0,1
DA:218,8
BRDA:218,16,0,1
DA:219,1
DA:222,7
DA:224,7
DA:225,7
BRDA:225,17,0,1
DA:227,6
DA:233,1
FN:233,GoodTimelock.cancel
FNDA:1,GoodTimelock.cancel
DA:234,1
DA:235,1
BRDA:235,18,0,-
DA:238,1
DA:244,1
FN:244,GoodTimelock.updateDelay
FNDA:1,GoodTimelock.updateDelay
DA:245,1
BRDA:245,19,0,-
DA:246,1
DA:247,1
DA:248,1
DA:252,1
FN:252,GoodTimelock.setProposer
FNDA:1,GoodTimelock.setProposer
DA:253,1
DA:254,1
DA:258,1
FN:258,GoodTimelock.setExecutor
FNDA:1,GoodTimelock.setExecutor
DA:259,1
DA:260,1
DA:264,1
FN:264,GoodTimelock.transferAdmin
FNDA:1,GoodTimelock.transferAdmin
DA:265,1
DA:266,1
DA:272,32
FN:272,GoodTimelock.hashOperationBatch
FNDA:32,GoodTimelock.hashOperationBatch
DA:278,32
DA:282,3
FN:282,GoodTimelock.isOperationPending
FNDA:3,GoodTimelock.isOperationPending
DA:283,3
DA:284,3
DA:288,1
FN:288,GoodTimelock.isOperationReady
FNDA:1,GoodTimelock.isOperationReady
DA:289,1
DA:290,1
DA:294,1
FN:294,GoodTimelock.isOperationDone
FNDA:1,GoodTimelock.isOperationDone
DA:295,1
FNF:18
FNH:18
LF:100
LH:96
BRF:20
BRH:8
end_of_record
TN:
SF:src/governance/VoteEscrowedGD.sol
DA:69,2
FN:69,VoteEscrowedGD.onlyAdmin
FNDA:2,VoteEscrowedGD.onlyAdmin
DA:70,2
BRDA:70,0,0,1
DA:74,29
FN:74,VoteEscrowedGD.constructor
FNDA:29,VoteEscrowedGD.constructor
DA:75,29
DA:76,29
DA:77,29
DA:85,59
FN:85,VoteEscrowedGD.lock
FNDA:59,VoteEscrowedGD.lock
DA:86,59
BRDA:86,1,0,1
DA:87,58
BRDA:87,2,0,1
DA:88,57
BRDA:88,3,0,1
DA:89,56
BRDA:89,4,0,-
DA:91,56
DA:92,56
DA:93,56
DA:95,56
DA:97,56
DA:98,56
BRDA:98,5,0,56
DA:99,56
DA:100,0
DA:102,56
DA:103,56
DA:105,56
DA:109,1
FN:109,VoteEscrowedGD.increaseLock
FNDA:1,VoteEscrowedGD.increaseLock
DA:110,1
BRDA:110,6,0,-
DA:111,1
DA:112,1
BRDA:112,7,0,-
DA:113,1
BRDA:113,8,0,-
DA:115,1
DA:116,1
DA:117,1
DA:118,1
DA:120,1
DA:122,1
DA:123,1
DA:124,1
DA:126,1
DA:130,1
FN:130,VoteEscrowedGD.extendLock
FNDA:1,VoteEscrowedGD.extendLock
DA:131,1
DA:132,1
BRDA:132,9,0,-
DA:133,1
BRDA:133,10,0,-
DA:134,1
BRDA:134,11,0,-
DA:136,1
DA:137,1
DA:138,1
DA:140,1
DA:141,1
BRDA:141,12,0,1
DA:142,1
DA:143,1
DA:146,1
DA:150,2
FN:150,VoteEscrowedGD.withdraw
FNDA:2,VoteEscrowedGD.withdraw
DA:151,2
DA:152,2
BRDA:152,13,0,-
DA:153,2
BRDA:153,14,0,1
DA:155,1
DA:156,1
DA:159,1
DA:162,1
DA:164,1
DA:165,1
DA:169,1
FN:169,VoteEscrowedGD.earlyUnlock
FNDA:1,VoteEscrowedGD.earlyUnlock
DA:170,1
DA:171,1
BRDA:171,15,0,-
DA:172,1
BRDA:172,16,0,-
DA:174,1
DA:175,1
DA:176,1
DA:177,1
DA:178,1
DA:181,1
DA:182,1
DA:183,1
BRDA:183,17,0,1
DA:184,1
DA:185,1
DA:189,1
DA:191,1
DA:192,1
BRDA:192,18,0,1
DA:195,1
DA:201,128
FN:201,VoteEscrowedGD.votingPowerOf
FNDA:128,VoteEscrowedGD.votingPowerOf
DA:202,128
DA:203,128
BRDA:203,19,0,2
DA:204,126
DA:205,126
DA:209,16
FN:209,VoteEscrowedGD.getVotes
FNDA:16,VoteEscrowedGD.getVotes
DA:210,16
DA:211,16
BRDA:211,20,0,-
DA:212,16
DA:216,15
FN:216,VoteEscrowedGD.getPastVotes
FNDA:15,VoteEscrowedGD.getPastVotes
DA:217,15
DA:221,24
FN:221,VoteEscrowedGD.totalVotingPower
FNDA:24,VoteEscrowedGD.totalVotingPower
DA:222,24
DA:223,24
BRDA:223,21,0,-
DA:224,24
DA:228,1
FN:228,VoteEscrowedGD.delegate
FNDA:1,VoteEscrowedGD.delegate
DA:229,1
DA:230,1
DA:232,1
DA:233,1
BRDA:233,22,0,1
DA:234,1
BRDA:234,23,0,1
DA:235,1
DA:237,1
DA:240,1
DA:243,1
FN:243,VoteEscrowedGD.setUbiTreasury
FNDA:1,VoteEscrowedGD.setUbiTreasury
DA:244,1
DA:245,1
DA:250,121
FN:250,VoteEscrowedGD._writeCheckpoint
FNDA:121,VoteEscrowedGD._writeCheckpoint
DA:255,121
DA:256,121
DA:257,121
DA:259,121
BRDA:259,24,0,38
BRDA:259,24,1,83
DA:260,38
DA:262,83
DA:266,15
FN:266,VoteEscrowedGD._checkpointLookup
FNDA:15,VoteEscrowedGD._checkpointLookup
DA:267,15
DA:268,15
BRDA:268,25,0,-
DA:269,15
BRDA:269,26,0,15
DA:270,0
BRDA:270,27,0,-
DA:272,0
DA:273,0
DA:274,0
DA:275,0
DA:276,0
BRDA:276,28,0,-
BRDA:276,28,1,-
DA:277,0
DA:279,0
DA:282,0
DA:285,117
FN:285,VoteEscrowedGD._add
FNDA:117,VoteEscrowedGD._add
DA:286,4
FN:286,VoteEscrowedGD._sub
FNDA:4,VoteEscrowedGD._sub
FNF:17
FNH:17
LF:126
LH:116
BRF:31
BRH:15
end_of_record
TN:
SF:src/hooks/UBIFeeHook.sol
DA:122,14
FN:122,UBIFeeHook.onlyPoolManager
FNDA:14,UBIFeeHook.onlyPoolManager
DA:123,14
BRDA:123,0,0,1
DA:127,7
FN:127,UBIFeeHook.onlyAdmin
FNDA:7,UBIFeeHook.onlyAdmin
DA:128,7
BRDA:128,1,0,1
DA:140,55
FN:140,UBIFeeHook.constructor
FNDA:55,UBIFeeHook.constructor
DA:146,55
BRDA:146,2,0,1
DA:147,54
BRDA:147,3,0,1
DA:148,53
BRDA:148,4,0,1
DA:149,52
BRDA:149,5,0,1
DA:151,51
DA:152,51
DA:153,51
DA:154,51
DA:165,13
FN:165,UBIFeeHook.afterSwap
FNDA:13,UBIFeeHook.afterSwap
DA:172,2
BRDA:172,6,0,2
DA:175,11
DA:176,11
DA:178,1
BRDA:178,7,0,1
BRDA:178,7,1,2
DA:180,1
DA:181,1
DA:184,10
DA:185,10
DA:188,11
BRDA:188,8,0,2
DA:191,9
DA:192,9
BRDA:192,9,0,-
DA:198,9
DA:200,9
DA:201,9
DA:203,9
DA:205,9
DA:215,540
FN:215,UBIFeeHook.calculateUBIFee
FNDA:540,UBIFeeHook.calculateUBIFee
DA:216,540
DA:225,1
FN:225,UBIFeeHook.getHookPermissions
FNDA:1,UBIFeeHook.getHookPermissions
DA:226,1
DA:246,4
FN:246,UBIFeeHook.setUBIFeeShare
FNDA:4,UBIFeeHook.setUBIFeeShare
DA:247,4
BRDA:247,10,0,1
DA:248,3
DA:249,3
DA:250,3
DA:257,2
FN:257,UBIFeeHook.setUBIPool
FNDA:2,UBIFeeHook.setUBIPool
DA:258,2
BRDA:258,11,0,1
DA:259,1
DA:260,1
DA:261,1
DA:268,3
FN:268,UBIFeeHook.setAdmin
FNDA:3,UBIFeeHook.setAdmin
DA:269,3
BRDA:269,12,0,1
DA:270,2
DA:271,2
DA:272,2
DA:279,6
FN:279,UBIFeeHook.setPaused
FNDA:6,UBIFeeHook.setPaused
DA:280,6
DA:281,6
DA:289,0
FN:289,UBIFeeHook.getUBIFeesForToken
FNDA:0,UBIFeeHook.getUBIFeesForToken
DA:290,0
DA:296,2
FN:296,UBIFeeHook.rescueTokens
FNDA:2,UBIFeeHook.rescueTokens
DA:297,2
BRDA:297,13,0,1
DA:298,1
BRDA:298,14,0,-
FNF:12
FNH:11
LF:57
LH:55
BRF:16
BRH:14
end_of_record
TN:
SF:src/lending/DebtToken.sol
DA:31,11
FN:31,DebtToken.onlyPool
FNDA:11,DebtToken.onlyPool
DA:32,11
BRDA:32,0,0,-
BRDA:32,0,1,-
DA:36,72
FN:36,DebtToken.constructor
FNDA:72,DebtToken.constructor
DA:37,72
DA:38,72
DA:39,72
DA:40,72
DA:45,5
FN:45,DebtToken.balanceOf
FNDA:5,DebtToken.balanceOf
DA:46,5
DA:47,5
DA:50,0
FN:50,DebtToken.totalSupply
FNDA:0,DebtToken.totalSupply
DA:51,0
DA:52,0
DA:55,49
FN:55,DebtToken.scaledBalanceOf
FNDA:49,DebtToken.scaledBalanceOf
DA:56,49
DA:59,100
FN:59,DebtToken.scaledTotalSupply
FNDA:100,DebtToken.scaledTotalSupply
DA:60,100
DA:65,11
FN:65,DebtToken.mint
FNDA:11,DebtToken.mint
DA:66,11
DA:67,11
BRDA:67,1,0,-
BRDA:67,1,1,-
DA:68,11
DA:69,11
DA:70,11
DA:71,11
DA:74,5
FN:74,DebtToken.burn
FNDA:5,DebtToken.burn
DA:75,5
DA:76,5
BRDA:76,2,0,-
DA:77,5
DA:78,5
DA:79,5
DA:80,5
DA:85,0
FN:85,DebtToken.transfer
FNDA:0,DebtToken.transfer
DA:86,0
DA:89,0
FN:89,DebtToken.transferFrom
FNDA:0,DebtToken.transferFrom
DA:90,0
DA:93,0
FN:93,DebtToken.approve
FNDA:0,DebtToken.approve
DA:94,0
DA:97,0
FN:97,DebtToken.allowance
FNDA:0,DebtToken.allowance
DA:98,0
DA:103,5
FN:103,DebtToken._currentBorrowIndex
FNDA:5,DebtToken._currentBorrowIndex
DA:104,5
DA:107,5
BRDA:107,3,0,5
DA:108,5
DA:110,0
FNF:13
FNH:8
LF:44
LH:32
BRF:6
BRH:1
end_of_record
TN:
SF:src/lending/GoodLendAddressesProvider.sol
DA:41,0
FN:41,GoodLendAddressesProvider.constructor
FNDA:0,GoodLendAddressesProvider.constructor
DA:42,0
BRDA:42,0,0,-
BRDA:42,0,1,-
DA:43,0
DA:48,0
FN:48,GoodLendAddressesProvider.onlyOwner
FNDA:0,GoodLendAddressesProvider.onlyOwner
DA:49,0
BRDA:49,1,0,-
BRDA:49,1,1,-
DA:55,0
FN:55,GoodLendAddressesProvider.setPool
FNDA:0,GoodLendAddressesProvider.setPool
DA:56,0
DA:57,0
DA:60,0
FN:60,GoodLendAddressesProvider.setOracle
FNDA:0,GoodLendAddressesProvider.setOracle
DA:61,0
DA:62,0
DA:65,0
FN:65,GoodLendAddressesProvider.setTreasury
FNDA:0,GoodLendAddressesProvider.setTreasury
DA:66,0
DA:67,0
DA:70,0
FN:70,GoodLendAddressesProvider.setACLAdmin
FNDA:0,GoodLendAddressesProvider.setACLAdmin
DA:71,0
DA:72,0
DA:81,0
FN:81,GoodLendAddressesProvider.setAddress
FNDA:0,GoodLendAddressesProvider.setAddress
DA:82,0
DA:83,0
DA:86,0
FN:86,GoodLendAddressesProvider.getAddress
FNDA:0,GoodLendAddressesProvider.getAddress
DA:87,0
DA:92,0
FN:92,GoodLendAddressesProvider.transferOwnership
FNDA:0,GoodLendAddressesProvider.transferOwnership
DA:93,0
BRDA:93,2,0,-
BRDA:93,2,1,-
DA:94,0
DA:95,0
FNF:9
FNH:0
LF:26
LH:0
BRF:6
BRH:0
end_of_record
TN:
SF:src/lending/GoodLendPool.sol
DA:145,0
FN:145,GoodLendPool.onlyAdmin
FNDA:0,GoodLendPool.onlyAdmin
DA:146,0
BRDA:146,0,0,-
BRDA:146,0,1,-
DA:150,4
FN:150,GoodLendPool.nonReentrant
FNDA:4,GoodLendPool.nonReentrant
DA:151,4
BRDA:151,1,0,-
BRDA:151,1,1,-
DA:152,4
DA:154,4
DA:159,30
FN:159,GoodLendPool.constructor
FNDA:30,GoodLendPool.constructor
DA:160,30
DA:161,30
DA:162,30
DA:163,30
DA:168,72
FN:168,GoodLendPool.initReserve
FNDA:72,GoodLendPool.initReserve
DA:180,72
BRDA:180,2,0,-
BRDA:180,2,1,-
DA:181,72
BRDA:181,3,0,-
BRDA:181,3,1,-
DA:182,72
BRDA:182,4,0,-
BRDA:182,4,1,-
DA:184,72
DA:203,72
DA:205,72
DA:215,68
FN:215,GoodLendPool.supply
FNDA:68,GoodLendPool.supply
DA:216,68
DA:217,68
BRDA:217,5,0,-
BRDA:217,5,1,-
DA:218,67
BRDA:218,6,0,-
BRDA:218,6,1,-
DA:220,67
DA:223,67
BRDA:223,7,0,67
DA:224,67
DA:225,67
BRDA:225,8,0,-
BRDA:225,8,1,-
DA:229,67
BRDA:229,9,0,-
DA:232,67
DA:235,67
DA:237,67
DA:247,3
FN:247,GoodLendPool.withdraw
FNDA:3,GoodLendPool.withdraw
DA:248,3
DA:249,3
BRDA:249,10,0,-
BRDA:249,10,1,-
DA:251,3
DA:254,3
DA:255,3
BRDA:255,11,0,1
DA:256,1
DA:258,3
BRDA:258,12,0,3
BRDA:258,12,1,3
DA:261,3
DA:264,3
BRDA:264,13,0,-
DA:267,3
DA:268,3
BRDA:268,14,0,3
BRDA:268,14,1,-
DA:271,3
DA:273,3
DA:274,0
DA:284,11
FN:284,GoodLendPool.borrow
FNDA:11,GoodLendPool.borrow
DA:285,11
DA:286,11
BRDA:286,15,0,11
BRDA:286,15,1,11
DA:287,11
BRDA:287,16,0,-
BRDA:287,16,1,-
DA:289,11
DA:292,11
BRDA:292,17,0,11
DA:293,11
DA:294,11
BRDA:294,18,0,-
BRDA:294,18,1,-
DA:298,11
DA:301,11
BRDA:301,19,0,-
DA:304,11
DA:305,11
BRDA:305,20,0,-
BRDA:305,20,1,-
DA:308,10
DA:310,11
DA:320,4
FN:320,GoodLendPool.repay
FNDA:4,GoodLendPool.repay
DA:321,4
DA:322,4
BRDA:322,21,0,-
BRDA:322,21,1,-
DA:324,4
DA:327,4
DA:328,4
BRDA:328,22,0,1
DA:329,1
DA:331,4
BRDA:331,23,0,-
BRDA:331,23,1,-
DA:332,4
BRDA:332,24,0,-
DA:335,4
BRDA:335,25,0,-
DA:338,4
DA:341,4
DA:343,4
DA:344,0
DA:356,1
FN:356,GoodLendPool.liquidate
FNDA:1,GoodLendPool.liquidate
DA:362,1
DA:363,1
DA:366,1
DA:367,1
BRDA:367,26,0,-
BRDA:367,26,1,-
DA:369,1
DA:370,1
DA:373,1
DA:374,1
DA:375,1
BRDA:375,27,0,-
DA:376,1
BRDA:376,28,0,-
BRDA:376,28,1,-
DA:379,1
DA:382,1
DA:383,1
BRDA:383,29,0,-
DA:386,1
BRDA:386,30,0,-
DA:387,1
DA:390,1
DA:393,1
BRDA:393,31,0,-
DA:395,1
DA:396,1
DA:398,1
DA:405,1
FN:405,GoodLendPool._calcCollateralToSeize
FNDA:1,GoodLendPool._calcCollateralToSeize
DA:410,1
DA:411,1
DA:412,1
DA:413,1
DA:414,1
BRDA:414,32,0,1
BRDA:414,32,1,1
DA:418,1
DA:419,1
DA:420,1
DA:432,2
FN:432,GoodLendPool.flashLoan
FNDA:2,GoodLendPool.flashLoan
DA:438,2
DA:439,2
BRDA:439,33,0,-
BRDA:439,33,1,-
DA:440,2
BRDA:440,34,0,-
BRDA:440,34,1,-
DA:442,2
DA:445,2
BRDA:445,35,0,-
DA:448,2
BRDA:448,36,0,2
BRDA:448,36,1,-
DA:454,2
BRDA:454,37,0,-
DA:458,1
DA:459,1
DA:462,1
DA:465,1
DA:466,1
BRDA:466,38,0,1
DA:467,1
DA:470,1
DA:479,1
FN:479,GoodLendPool.mintToTreasury
FNDA:1,GoodLendPool.mintToTreasury
DA:480,1
DA:481,1
DA:482,1
DA:483,1
DA:484,1
BRDA:484,39,0,1
DA:485,1
DA:486,1
DA:487,1
DA:500,5
FN:500,GoodLendPool.getUserAccountData
FNDA:5,GoodLendPool.getUserAccountData
DA:505,5
DA:511,54
FN:511,GoodLendPool.getLiquidityIndex
FNDA:54,GoodLendPool.getLiquidityIndex
DA:512,54
DA:513,54
BRDA:513,40,0,-
DA:515,54
DA:516,54
BRDA:516,41,0,53
DA:518,1
DA:519,1
DA:525,49
FN:525,GoodLendPool.getBorrowIndex
FNDA:49,GoodLendPool.getBorrowIndex
DA:526,49
DA:527,49
BRDA:527,42,0,-
DA:528,49
DA:529,49
BRDA:529,43,0,48
DA:532,1
DA:533,1
DA:539,2
FN:539,GoodLendPool.getReserveData
FNDA:2,GoodLendPool.getReserveData
DA:548,2
DA:549,2
DA:550,2
DA:551,2
DA:552,2
DA:553,2
DA:554,2
DA:555,2
DA:558,0
FN:558,GoodLendPool.getReservesCount
FNDA:0,GoodLendPool.getReservesCount
DA:559,0
DA:564,0
FN:564,GoodLendPool.setOracle
FNDA:0,GoodLendPool.setOracle
DA:565,0
DA:568,0
FN:568,GoodLendPool.setTreasury
FNDA:0,GoodLendPool.setTreasury
DA:569,0
DA:572,1
FN:572,GoodLendPool.setReserveActive
FNDA:1,GoodLendPool.setReserveActive
DA:573,1
DA:576,0
FN:576,GoodLendPool.setBorrowingEnabled
FNDA:0,GoodLendPool.setBorrowingEnabled
DA:577,0
DA:580,0
FN:580,GoodLendPool.setReserveFactor
FNDA:0,GoodLendPool.setReserveFactor
DA:581,0
BRDA:581,44,0,-
BRDA:581,44,1,-
DA:582,0
DA:583,0
DA:584,0
DA:587,0
FN:587,GoodLendPool.setAdmin
FNDA:0,GoodLendPool.setAdmin
DA:588,0
DA:597,88
FN:597,GoodLendPool._updateState
FNDA:88,GoodLendPool._updateState
DA:598,88
DA:599,88
BRDA:599,45,0,-
DA:601,88
DA:602,88
BRDA:602,46,0,87
DA:604,1
DA:606,1
BRDA:606,47,0,1
DA:608,1
DA:611,1
DA:612,1
DA:615,1
DA:618,1
DA:619,1
DA:622,1
DA:623,1
DA:626,1
DA:628,1
DA:631,86
FN:631,GoodLendPool._updateRates
FNDA:86,GoodLendPool._updateRates
DA:632,86
DA:633,86
DA:634,86
DA:636,86
DA:640,86
DA:641,86
DA:646,156
FN:646,GoodLendPool._totalDeposits
FNDA:156,GoodLendPool._totalDeposits
DA:647,156
DA:648,156
DA:649,156
DA:652,100
FN:652,GoodLendPool._totalBorrows
FNDA:100,GoodLendPool._totalBorrows
DA:653,100
DA:654,100
DA:655,100
DA:658,48
FN:658,GoodLendPool._gTokenBalance
FNDA:48,GoodLendPool._gTokenBalance
DA:659,48
DA:660,48
DA:663,49
FN:663,GoodLendPool._debtBalance
FNDA:49,GoodLendPool._debtBalance
DA:664,49
DA:665,49
DA:668,20
FN:668,GoodLendPool._calculateHealthFactor
FNDA:20,GoodLendPool._calculateHealthFactor
DA:673,20
DA:675,20
DA:676,44
DA:677,44
BRDA:677,48,0,-
DA:679,44
DA:680,44
BRDA:680,49,0,-
DA:684,44
DA:685,44
DA:686,44
DA:687,44
DA:688,44
DA:691,20
BRDA:691,50,0,-
BRDA:691,50,1,16
DA:692,0
DA:694,16
DA:703,44
FN:703,GoodLendPool._accumulateAssetValues
FNDA:44,GoodLendPool._accumulateAssetValues
DA:712,44
DA:714,44
DA:715,44
DA:717,44
DA:718,44
BRDA:718,51,0,20
DA:719,20
DA:720,20
DA:723,44
DA:724,44
BRDA:724,52,0,16
DA:725,16
FNF:31
FNH:24
LF:233
LH:213
BRF:78
BRH:21
end_of_record
TN:
SF:src/lending/GoodLendToken.sol
DA:43,67
FN:43,GoodLendToken.onlyPool
FNDA:67,GoodLendToken.onlyPool
DA:44,67
BRDA:44,0,0,-
BRDA:44,0,1,-
DA:48,72
FN:48,GoodLendToken.constructor
FNDA:72,GoodLendToken.constructor
DA:49,72
DA:50,72
DA:51,72
DA:52,72
DA:54,72
DA:63,10
FN:63,GoodLendToken.balanceOf
FNDA:10,GoodLendToken.balanceOf
DA:64,10
DA:65,10
DA:68,0
FN:68,GoodLendToken.totalSupply
FNDA:0,GoodLendToken.totalSupply
DA:69,0
DA:70,0
DA:73,49
FN:73,GoodLendToken.scaledBalanceOf
FNDA:49,GoodLendToken.scaledBalanceOf
DA:74,49
DA:77,156
FN:77,GoodLendToken.scaledTotalSupply
FNDA:156,GoodLendToken.scaledTotalSupply
DA:78,156
DA:89,67
FN:89,GoodLendToken.mint
FNDA:67,GoodLendToken.mint
DA:90,67
DA:91,67
BRDA:91,1,0,-
BRDA:91,1,1,-
DA:93,67
DA:94,67
DA:96,67
DA:97,67
DA:106,4
FN:106,GoodLendToken.burn
FNDA:4,GoodLendToken.burn
DA:107,4
DA:108,4
BRDA:108,2,0,-
BRDA:108,2,1,-
DA:110,4
DA:111,4
DA:113,4
DA:114,4
DA:123,1
FN:123,GoodLendToken.mintToTreasury
FNDA:1,GoodLendToken.mintToTreasury
DA:124,1
BRDA:124,3,0,-
DA:125,1
DA:126,1
DA:127,1
DA:128,1
DA:129,1
DA:134,0
FN:134,GoodLendToken.transfer
FNDA:0,GoodLendToken.transfer
DA:135,0
DA:136,0
DA:139,0
FN:139,GoodLendToken.transferFrom
FNDA:0,GoodLendToken.transferFrom
DA:140,0
DA:141,0
BRDA:141,4,0,-
DA:142,0
BRDA:142,5,0,-
BRDA:142,5,1,-
DA:143,0
DA:145,0
DA:146,0
DA:149,0
FN:149,GoodLendToken.approve
FNDA:0,GoodLendToken.approve
DA:150,0
DA:151,0
DA:152,0
DA:157,0
FN:157,GoodLendToken._transferScaled
FNDA:0,GoodLendToken._transferScaled
DA:158,0
DA:159,0
DA:160,0
BRDA:160,6,0,-
BRDA:160,6,1,-
DA:161,0
DA:162,0
DA:163,0
DA:166,10
FN:166,GoodLendToken._currentIndex
FNDA:10,GoodLendToken._currentIndex
DA:168,10
DA:171,10
BRDA:171,7,0,10
DA:172,10
DA:174,0
FNF:14
FNH:9
LF:65
LH:40
BRF:13
BRH:1
end_of_record
TN:
SF:src/lending/InterestRateModel.sol
DA:34,72
FN:34,InterestRateModel.onlyAdmin
FNDA:72,InterestRateModel.onlyAdmin
DA:35,72
BRDA:35,0,0,-
BRDA:35,0,1,-
DA:39,30
FN:39,InterestRateModel.constructor
FNDA:30,InterestRateModel.constructor
DA:40,30
DA:43,72
FN:43,InterestRateModel.setRateParams
FNDA:72,InterestRateModel.setRateParams
DA:50,72
BRDA:50,1,0,72
BRDA:50,1,1,72
DA:51,72
DA:57,72
DA:69,86
FN:69,InterestRateModel.calculateRates
FNDA:86,InterestRateModel.calculateRates
DA:75,86
DA:76,86
BRDA:76,2,0,-
DA:78,0
DA:80,86
BRDA:80,3,0,1
DA:81,1
DA:84,85
DA:85,85
BRDA:85,4,0,-
DA:87,85
BRDA:87,5,0,85
BRDA:87,5,1,-
DA:89,85
DA:92,0
DA:93,0
DA:94,0
DA:98,85
DA:99,85
DA:102,0
FN:102,InterestRateModel.setAdmin
FNDA:0,InterestRateModel.setAdmin
DA:103,0
FNF:5
FNH:4
LF:25
LH:19
BRF:9
BRH:4
end_of_record
TN:
SF:src/lending/SimplePriceOracle.sol
DA:16,73
FN:16,SimplePriceOracle.onlyAdmin
FNDA:73,SimplePriceOracle.onlyAdmin
DA:17,73
BRDA:17,0,0,-
BRDA:17,0,1,-
DA:21,30
FN:21,SimplePriceOracle.constructor
FNDA:30,SimplePriceOracle.constructor
DA:22,30
DA:25,73
FN:25,SimplePriceOracle.setAssetPrice
FNDA:73,SimplePriceOracle.setAssetPrice
DA:26,73
DA:27,73
DA:30,0
FN:30,SimplePriceOracle.setAssetPrices
FNDA:0,SimplePriceOracle.setAssetPrices
DA:31,0
BRDA:31,1,0,-
BRDA:31,1,1,-
DA:32,0
DA:33,0
DA:34,0
DA:38,46
FN:38,SimplePriceOracle.getAssetPrice
FNDA:46,SimplePriceOracle.getAssetPrice
DA:39,46
DA:42,0
FN:42,SimplePriceOracle.setAdmin
FNDA:0,SimplePriceOracle.setAdmin
DA:43,0
FNF:6
FNH:4
LF:16
LH:9
BRF:4
BRH:0
end_of_record
TN:
SF:src/oracle/SwapPriceOracle.sol
DA:79,0
FN:79,SwapPriceOracle.onlyAdmin
FNDA:0,SwapPriceOracle.onlyAdmin
DA:80,0
BRDA:80,0,0,-
DA:84,17
FN:84,SwapPriceOracle.onlyKeeper
FNDA:17,SwapPriceOracle.onlyKeeper
DA:85,17
BRDA:85,1,0,1
DA:91,16
FN:91,SwapPriceOracle.constructor
FNDA:16,SwapPriceOracle.constructor
DA:92,16
BRDA:92,2,0,-
DA:93,16
DA:94,16
DA:99,48
FN:99,SwapPriceOracle.registerToken
FNDA:48,SwapPriceOracle.registerToken
DA:105,48
BRDA:105,3,0,-
DA:106,48
BRDA:106,4,0,48
DA:107,48
DA:109,48
DA:115,48
DA:118,1
FN:118,SwapPriceOracle.removeToken
FNDA:1,SwapPriceOracle.removeToken
DA:119,1
DA:120,1
DA:123,16
FN:123,SwapPriceOracle.setKeeper
FNDA:16,SwapPriceOracle.setKeeper
DA:124,16
DA:125,16
DA:128,0
FN:128,SwapPriceOracle.setDefaultMaxAge
FNDA:0,SwapPriceOracle.setDefaultMaxAge
DA:129,0
DA:132,0
FN:132,SwapPriceOracle.setMaxDeviation
FNDA:0,SwapPriceOracle.setMaxDeviation
DA:133,0
DA:136,0
FN:136,SwapPriceOracle.setTokenMaxAge
FNDA:0,SwapPriceOracle.setTokenMaxAge
DA:137,0
DA:138,0
DA:148,16
FN:148,SwapPriceOracle.updatePrice
FNDA:16,SwapPriceOracle.updatePrice
DA:149,16
DA:157,1
FN:157,SwapPriceOracle.batchUpdatePrices
FNDA:1,SwapPriceOracle.batchUpdatePrices
DA:161,1
BRDA:161,5,0,-
DA:162,1
DA:163,3
DA:165,1
DA:171,1
FN:171,SwapPriceOracle.adminSetPrice
FNDA:1,SwapPriceOracle.adminSetPrice
DA:172,1
BRDA:172,6,0,-
DA:173,1
BRDA:173,7,0,-
DA:175,1
DA:176,1
DA:177,1
DA:178,1
DA:180,1
DA:190,9
FN:190,SwapPriceOracle.getPrice
FNDA:9,SwapPriceOracle.getPrice
DA:191,9
DA:192,9
BRDA:192,8,0,-
DA:194,9
DA:195,9
BRDA:195,9,0,-
DA:197,9
DA:198,9
BRDA:198,10,0,1
DA:200,8
DA:206,1
FN:206,SwapPriceOracle.getPriceUnsafe
FNDA:1,SwapPriceOracle.getPriceUnsafe
DA:207,1
DA:208,1
DA:216,1
FN:216,SwapPriceOracle.getRelativePrice
FNDA:1,SwapPriceOracle.getRelativePrice
DA:217,1
DA:218,1
DA:220,1
DA:227,2
FN:227,SwapPriceOracle.getTWAP
FNDA:2,SwapPriceOracle.getTWAP
DA:228,2
DA:229,2
BRDA:229,11,0,1
DA:230,1
DA:232,1
DA:233,1
DA:234,1
DA:240,0
FN:240,SwapPriceOracle.registeredTokenCount
FNDA:0,SwapPriceOracle.registeredTokenCount
DA:241,0
DA:247,1
FN:247,SwapPriceOracle.getAllTokens
FNDA:1,SwapPriceOracle.getAllTokens
DA:248,1
DA:253,19
FN:253,SwapPriceOracle._updatePrice
FNDA:19,SwapPriceOracle._updatePrice
DA:254,19
BRDA:254,12,0,1
DA:255,18
BRDA:255,13,0,2
DA:257,16
DA:260,16
BRDA:260,14,0,3
DA:261,3
DA:262,3
BRDA:262,15,0,3
BRDA:262,15,1,-
DA:263,3
DA:265,0
DA:267,3
BRDA:267,16,0,1
DA:268,1
DA:273,15
DA:275,15
DA:276,15
DA:278,15
DA:281,16
FN:281,SwapPriceOracle._updateTWAP
FNDA:16,SwapPriceOracle._updateTWAP
DA:282,16
BRDA:282,17,0,3
DA:283,3
DA:284,3
DA:288,16
BRDA:288,18,0,13
DA:289,13
FNF:20
FNH:15
LF:89
LH:77
BRF:20
BRH:11
end_of_record
TN:
SF:src/perps/FundingRate.sol
DA:47,0
FN:47,FundingRate.onlyAdmin
FNDA:0,FundingRate.onlyAdmin
DA:48,0
BRDA:48,0,0,-
DA:52,17
FN:52,FundingRate.onlyEngineOrAdmin
FNDA:17,FundingRate.onlyEngineOrAdmin
DA:53,17
BRDA:53,1,0,-
DA:59,27
FN:59,FundingRate.constructor
FNDA:27,FundingRate.constructor
DA:60,27
BRDA:60,2,0,-
DA:61,27
DA:66,27
FN:66,FundingRate.setPerpEngine
FNDA:27,FundingRate.setPerpEngine
DA:67,27
BRDA:67,3,0,-
DA:68,27
DA:79,17
FN:79,FundingRate.applyFunding
FNDA:17,FundingRate.applyFunding
DA:84,17
DA:85,17
BRDA:85,4,0,13
DA:87,4
DA:90,4
DA:92,4
DA:93,4
DA:95,4
DA:96,4
DA:102,27
FN:102,FundingRate.initMarket
FNDA:27,FundingRate.initMarket
DA:103,27
DA:104,27
DA:114,9
FN:114,FundingRate.accruedFunding
FNDA:9,FundingRate.accruedFunding
DA:119,9
DA:122,9
DA:127,4
FN:127,FundingRate._clamp
FNDA:4,FundingRate._clamp
DA:128,4
BRDA:128,5,0,1
DA:129,3
BRDA:129,6,0,3
DA:130,0
DA:135,0
FN:135,FundingRate.setAdmin
FNDA:0,FundingRate.setAdmin
DA:136,0
BRDA:136,7,0,-
DA:137,0
FNF:9
FNH:7
LF:32
LH:26
BRF:8
BRH:3
end_of_record
TN:
SF:src/perps/MarginVault.sol
DA:44,0
FN:44,MarginVault.onlyAdmin
FNDA:0,MarginVault.onlyAdmin
DA:45,0
BRDA:45,0,0,-
DA:49,16
FN:49,MarginVault.onlyEngine
FNDA:16,MarginVault.onlyEngine
DA:50,16
BRDA:50,1,0,1
DA:56,27
FN:56,MarginVault.constructor
FNDA:27,MarginVault.constructor
DA:57,27
BRDA:57,2,0,-
DA:58,27
BRDA:58,3,0,-
DA:59,27
DA:60,27
DA:65,27
FN:65,MarginVault.setPerpEngine
FNDA:27,MarginVault.setPerpEngine
DA:66,27
BRDA:66,4,0,-
DA:67,27
DA:70,0
FN:70,MarginVault.setAdmin
FNDA:0,MarginVault.setAdmin
DA:71,0
BRDA:71,5,0,-
DA:72,0
DA:77,20
FN:77,MarginVault.deposit
FNDA:20,MarginVault.deposit
DA:78,20
BRDA:78,6,0,1
DA:79,19
DA:80,19
BRDA:80,7,0,-
DA:81,19
DA:82,19
DA:83,19
DA:86,2
FN:86,MarginVault.withdraw
FNDA:2,MarginVault.withdraw
DA:87,2
BRDA:87,8,0,-
DA:88,2
BRDA:88,9,0,1
DA:89,1
DA:90,1
DA:91,1
DA:92,1
BRDA:92,10,0,-
DA:93,1
DA:99,15
FN:99,MarginVault.debit
FNDA:15,MarginVault.debit
DA:100,15
BRDA:100,11,0,-
DA:101,15
DA:102,15
DA:103,15
DA:107,3
FN:107,MarginVault.credit
FNDA:3,MarginVault.credit
DA:108,3
DA:109,3
DA:110,3
DA:114,2
FN:114,MarginVault.transfer
FNDA:2,MarginVault.transfer
DA:115,2
BRDA:115,12,0,-
DA:116,2
DA:117,2
DA:124,12
FN:124,MarginVault.flushFee
FNDA:12,MarginVault.flushFee
DA:125,12
BRDA:125,13,0,-
DA:126,12
DA:127,12
BRDA:127,14,0,-
FNF:11
FNH:9
LF:47
LH:42
BRF:15
BRH:3
end_of_record
TN:
SF:src/perps/PerpEngine.sol
DA:120,1
FN:120,PerpEngine.onlyAdmin
FNDA:1,PerpEngine.onlyAdmin
DA:121,1
BRDA:121,0,0,-
DA:125,16
FN:125,PerpEngine.whenNotPaused
FNDA:16,PerpEngine.whenNotPaused
DA:126,1
BRDA:126,1,0,1
DA:132,27
FN:132,PerpEngine.constructor
FNDA:27,PerpEngine.constructor
DA:139,27
BRDA:139,2,0,-
DA:140,27
BRDA:140,3,0,-
DA:141,27
BRDA:141,4,0,-
DA:142,27
BRDA:142,5,0,-
DA:143,27
BRDA:143,6,0,-
DA:145,27
DA:146,27
DA:147,27
DA:148,27
DA:149,27
DA:159,27
FN:159,PerpEngine.createMarket
FNDA:27,PerpEngine.createMarket
DA:160,27
DA:161,27
DA:168,27
DA:169,27
DA:172,1
FN:172,PerpEngine.setPaused
FNDA:1,PerpEngine.setPaused
DA:173,1
DA:176,0
FN:176,PerpEngine.setAdmin
FNDA:0,PerpEngine.setAdmin
DA:177,0
BRDA:177,7,0,-
DA:178,0
DA:190,15
FN:190,PerpEngine.openPosition
FNDA:15,PerpEngine.openPosition
DA:196,15
BRDA:196,8,0,-
DA:197,15
DA:198,15
[...]
DA:191,1
BRDA:191,11,0,-
DA:194,1
DA:196,1
DA:197,1
DA:199,1
DA:202,1
FN:202,GoodVault.redeem
FNDA:1,GoodVault.redeem
DA:203,1
BRDA:203,12,0,-
DA:204,1
DA:205,1
BRDA:205,13,0,-
DA:207,1
BRDA:207,14,0,-
DA:208,0
DA:209,0
BRDA:209,15,0,-
DA:210,0
DA:212,1
BRDA:212,16,0,-
DA:214,1
DA:216,1
DA:217,1
DA:219,1
DA:227,3
FN:227,GoodVault.harvest
FNDA:3,GoodVault.harvest
DA:228,3
DA:230,3
DA:231,3
DA:233,3
BRDA:233,17,0,2
DA:235,2
DA:238,2
DA:239,2
DA:241,2
DA:242,2
BRDA:242,18,0,-
DA:245,2
BRDA:245,19,0,2
DA:246,2
DA:247,2
DA:248,2
DA:250,2
BRDA:250,20,0,2
DA:252,2
DA:253,2
DA:254,2
DA:258,2
DA:261,3
BRDA:261,21,0,-
DA:262,0
DA:265,3
DA:266,3
DA:273,1
FN:273,GoodVault.migrateStrategy
FNDA:1,GoodVault.migrateStrategy
DA:274,1
BRDA:274,22,0,-
DA:276,1
DA:279,1
BRDA:279,23,0,1
DA:280,1
DA:281,1
DA:285,1
DA:286,0
DA:288,1
DA:291,3
FN:291,GoodVault.emergencyShutdown
FNDA:3,GoodVault.emergencyShutdown
DA:292,3
DA:293,3
DA:294,3
BRDA:294,24,0,1
DA:295,1
DA:296,1
DA:298,3
DA:301,1
FN:301,GoodVault.unpause
FNDA:1,GoodVault.unpause
DA:302,1
DA:305,0
FN:305,GoodVault.setDepositCap
FNDA:0,GoodVault.setDepositCap
DA:306,0
DA:309,2
FN:309,GoodVault.setFees
FNDA:2,GoodVault.setFees
DA:310,2
BRDA:310,25,0,-
BRDA:310,25,1,-
DA:311,1
BRDA:311,26,0,-
BRDA:311,26,1,-
DA:312,2
DA:313,2
DA:316,0
FN:316,GoodVault.transferAdmin
FNDA:0,GoodVault.transferAdmin
DA:317,0
DA:320,0
FN:320,GoodVault.acceptAdmin
FNDA:0,GoodVault.acceptAdmin
DA:321,0
BRDA:321,27,0,-
BRDA:321,27,1,-
DA:322,0
DA:323,0
DA:330,14
FN:330,GoodVault._deployToStrategy
FNDA:14,GoodVault._deployToStrategy
DA:331,14
DA:332,14
BRDA:332,28,0,14
DA:333,14
DA:334,14
DA:335,14
DA:339,2
FN:339,GoodVault._ensureLiquidity
FNDA:2,GoodVault._ensureLiquidity
DA:340,2
DA:341,2
BRDA:341,29,0,2
DA:342,2
DA:343,2
DA:344,2
DA:349,1
FN:349,GoodVault.transfer
FNDA:1,GoodVault.transfer
DA:350,1
BRDA:350,30,0,-
DA:351,1
DA:352,1
DA:353,1
DA:354,1
DA:357,1
FN:357,GoodVault.approve
FNDA:1,GoodVault.approve
DA:358,1
DA:359,1
DA:360,1
DA:363,0
FN:363,GoodVault.transferFrom
FNDA:0,GoodVault.transferFrom
DA:364,0
DA:365,0
BRDA:365,31,0,-
DA:366,0
BRDA:366,32,0,-
DA:367,0
DA:368,0
DA:369,0
DA:370,0
DA:371,0
DA:374,13
FN:374,GoodVault._mint
FNDA:13,GoodVault._mint
DA:375,13
DA:376,13
DA:377,13
DA:380,2
FN:380,GoodVault._burn
FNDA:2,GoodVault._burn
DA:381,2
DA:382,2
DA:383,2
FNF:29
FNH:20
LF:164
LH:125
BRF:36
BRH:9
end_of_record
TN:
SF:src/yield/VaultFactory.sol
DA:41,4
FN:41,VaultFactory.onlyAdmin
FNDA:4,VaultFactory.onlyAdmin
DA:42,4
BRDA:42,0,0,-
DA:46,22
FN:46,VaultFactory.constructor
FNDA:22,VaultFactory.constructor
DA:47,22
DA:48,22
DA:52,6
FN:52,VaultFactory.createVault
FNDA:6,VaultFactory.createVault
DA:59,6
BRDA:59,1,0,1
DA:61,5
DA:70,5
DA:71,5
DA:72,5
DA:74,5
DA:78,1
FN:78,VaultFactory.totalTVL
FNDA:1,VaultFactory.totalTVL
DA:79,1
DA:80,2
DA:85,0
FN:85,VaultFactory.totalUBIFunded
FNDA:0,VaultFactory.totalUBIFunded
DA:86,0
DA:87,0
DA:91,1
FN:91,VaultFactory.vaultCount
FNDA:1,VaultFactory.vaultCount
DA:92,1
DA:95,1
FN:95,VaultFactory.getVaultsByAsset
FNDA:1,VaultFactory.getVaultsByAsset
DA:96,1
DA:101,4
FN:101,VaultFactory.approveStrategy
FNDA:4,VaultFactory.approveStrategy
DA:102,4
DA:103,4
DA:104,4
DA:107,0
FN:107,VaultFactory.revokeStrategy
FNDA:0,VaultFactory.revokeStrategy
DA:108,0
DA:109,0
DA:112,0
FN:112,VaultFactory.setDefaultDepositCap
FNDA:0,VaultFactory.setDefaultDepositCap
DA:113,0
DA:116,0
FN:116,VaultFactory.setAdmin
FNDA:0,VaultFactory.setAdmin
DA:117,0
FNF:11
FNH:7
LF:33
LH:23
BRF:2
BRH:1
end_of_record
TN:
SF:src/yield/strategies/LendingStrategy.sol
DA:60,3
FN:60,LendingStrategy.onlyVault
FNDA:3,LendingStrategy.onlyVault
DA:61,3
BRDA:61,0,0,1
DA:65,16
FN:65,LendingStrategy.constructor
FNDA:16,LendingStrategy.constructor
DA:71,16
DA:72,16
DA:73,16
DA:74,16
DA:78,1
FN:78,LendingStrategy.totalAssets
FNDA:1,LendingStrategy.totalAssets
DA:79,1
DA:83,10
FN:83,LendingStrategy.deposit
FNDA:10,LendingStrategy.deposit
DA:84,1
BRDA:84,1,0,1
DA:85,9
DA:86,9
DA:87,9
DA:88,9
DA:89,9
DA:93,2
FN:93,LendingStrategy.withdraw
FNDA:2,LendingStrategy.withdraw
DA:94,2
DA:95,2
BRDA:95,2,0,1
DA:96,2
DA:97,2
BRDA:97,3,0,-
BRDA:97,3,1,2
DA:98,0
DA:100,2
DA:102,2
DA:103,0
DA:107,3
FN:107,LendingStrategy.harvest
FNDA:3,LendingStrategy.harvest
DA:108,3
DA:110,3
BRDA:110,4,0,1
BRDA:110,4,1,1
DA:111,1
DA:112,1
DA:113,2
BRDA:113,5,0,1
DA:114,1
DA:115,1
DA:118,3
DA:122,3
FN:122,LendingStrategy.emergencyWithdraw
FNDA:3,LendingStrategy.emergencyWithdraw
DA:123,3
DA:124,3
DA:125,3
DA:126,3
BRDA:126,6,0,1
DA:127,1
DA:129,3
DA:130,0
FNF:7
FNH:7
LF:42
LH:39
BRF:9
BRH:8
end_of_record
TN:
SF:src/yield/strategies/StablecoinStrategy.sol
DA:42,3
FN:42,StablecoinStrategy.onlyVault
FNDA:3,StablecoinStrategy.onlyVault
DA:43,3
BRDA:43,0,0,1
DA:47,18
FN:47,StablecoinStrategy.constructor
FNDA:18,StablecoinStrategy.constructor
DA:53,18
DA:54,18
DA:55,18
DA:56,18
DA:59,1
FN:59,StablecoinStrategy.totalAssets
FNDA:1,StablecoinStrategy.totalAssets
DA:60,1
DA:63,11
FN:63,StablecoinStrategy.deposit
FNDA:11,StablecoinStrategy.deposit
DA:64,1
BRDA:64,1,0,1
DA:65,10
DA:66,10
DA:67,10
DA:68,10
DA:69,10
DA:72,2
FN:72,StablecoinStrategy.withdraw
FNDA:2,StablecoinStrategy.withdraw
DA:73,2
DA:74,2
BRDA:74,2,0,1
DA:75,2
DA:78,2
DA:80,2
BRDA:80,3,0,-
BRDA:80,3,1,2
DA:81,0
DA:83,2
DA:85,2
DA:86,0
DA:89,5
FN:89,StablecoinStrategy.harvest
FNDA:5,StablecoinStrategy.harvest
DA:90,5
DA:93,5
DA:94,5
BRDA:94,4,0,2
DA:95,2
DA:97,2
BRDA:97,5,0,1
DA:98,1
DA:100,2
DA:104,5
BRDA:104,6,0,1
BRDA:104,6,1,1
DA:105,1
DA:106,1
DA:107,4
BRDA:107,7,0,1
DA:108,1
DA:109,1
DA:112,5
DA:115,3
FN:115,StablecoinStrategy.emergencyWithdraw
FNDA:3,StablecoinStrategy.emergencyWithdraw
DA:116,3
DA:117,3
DA:118,3
BRDA:118,8,0,1
DA:119,1
DA:120,1
DA:122,3
DA:123,0
FNF:7
FNH:7
LF:49
LH:46
BRF:11
BRH:10
end_of_record
TN:
SF:test/CollateralVault.t.sol
DA:19,18
FN:19,MockGoodDollar.mint
FNDA:18,MockGoodDollar.mint
DA:20,18
DA:21,18
DA:24,3
FN:24,MockGoodDollar.transfer
FNDA:3,MockGoodDollar.transfer
DA:25,3
BRDA:25,0,0,-
BRDA:25,0,1,-
DA:26,3
DA:27,3
DA:28,3
DA:31,15
FN:31,MockGoodDollar.transferFrom
FNDA:15,MockGoodDollar.transferFrom
DA:32,15
BRDA:32,1,0,-
BRDA:32,1,1,-
DA:33,15
BRDA:33,2,0,-
BRDA:33,2,1,-
DA:34,15
DA:35,15
DA:36,15
DA:37,15
DA:40,27
FN:40,MockGoodDollar.approve
FNDA:27,MockGoodDollar.approve
DA:41,27
DA:42,27
DA:50,9
FN:50,MockFeeSplitter.splitFee
FNDA:9,MockFeeSplitter.splitFee
DA:51,9
DA:52,9
DA:53,9
FNF:5
FNH:5
LF:22
LH:22
BRF:6
BRH:0
end_of_record
TN:
SF:test/GoodDollarBridge.t.sol
DA:18,48
FN:18,MockUSDC.mint.0
FNDA:48,MockUSDC.mint.0
DA:19,48
DA:20,48
DA:23,0
FN:23,MockUSDC.burn.0
FNDA:0,MockUSDC.burn.0
DA:24,0
BRDA:24,0,0,-
BRDA:24,0,1,-
DA:25,0
DA:26,0
DA:29,0
FN:29,MockUSDC.transfer.0
FNDA:0,MockUSDC.transfer.0
DA:30,0
BRDA:30,1,0,-
BRDA:30,1,1,-
DA:31,0
DA:32,0
DA:33,0
DA:36,1
FN:36,MockUSDC.transferFrom.0
FNDA:1,MockUSDC.transferFrom.0
DA:37,1
BRDA:37,2,0,-
BRDA:37,2,1,-
DA:38,1
BRDA:38,3,0,-
BRDA:38,3,1,-
DA:39,1
DA:40,1
DA:41,1
DA:42,1
DA:45,48
FN:45,MockUSDC.approve
FNDA:48,MockUSDC.approve
DA:46,48
DA:47,48
DA:59,97
FN:59,MockL2Token.constructor.0
FNDA:97,MockL2Token.constructor.0
DA:60,97
DA:61,97
DA:62,97
DA:65,6
FN:65,MockL2Token.mint.1
FNDA:6,MockL2Token.mint.1
DA:66,6
BRDA:66,4,0,-
BRDA:66,4,1,-
DA:67,6
DA:68,6
DA:71,3
FN:71,MockL2Token.burn.1
FNDA:3,MockL2Token.burn.1
DA:72,3
BRDA:72,5,0,-
BRDA:72,5,1,-
DA:73,3
BRDA:73,6,0,-
BRDA:73,6,1,-
DA:74,3
DA:75,3
DA:78,0
FN:78,MockL2Token.transfer.1
FNDA:0,MockL2Token.transfer.1
DA:79,0
BRDA:79,7,0,-
BRDA:79,7,1,-
DA:80,0
DA:81,0
DA:82,0
DA:85,0
FN:85,MockL2Token.transferFrom.1
FNDA:0,MockL2Token.transferFrom.1
DA:86,0
BRDA:86,8,0,-
BRDA:86,8,1,-
DA:87,0
DA:88,0
DA:89,0
DA:101,26
FN:101,MockL1Messenger.sendMessage
FNDA:26,MockL1Messenger.sendMessage
DA:102,26
DA:103,26
DA:104,26
DA:107,16
FN:107,MockL1Messenger.xDomainMessageSender
FNDA:16,MockL1Messenger.xDomainMessageSender
DA:108,16
DA:111,16
FN:111,MockL1Messenger.setXDomainMessageSender
FNDA:16,MockL1Messenger.setXDomainMessageSender
DA:112,16
DA:115,0
FN:115,MockL1Messenger.relayMessage
FNDA:0,MockL1Messenger.relayMessage
DA:116,0
DA:117,0
BRDA:117,9,0,-
BRDA:117,9,1,-
DA:128,0
FN:128,ReentrantDeposit.constructor.1
FNDA:0,ReentrantDeposit.constructor.1
DA:129,0
DA:130,0
DA:131,0
DA:134,0
FN:134,ReentrantDeposit.receive
FNDA:0,ReentrantDeposit.receive
DA:135,0
BRDA:135,10,0,-
DA:136,0
DA:138,0
DA:139,0
DA:140,0
FNF:16
FNH:9
LF:66
LH:34
BRF:21
BRH:0
end_of_record
TN:
SF:test/GoodLend.t.sol
DA:23,36
FN:23,MockERC20.constructor
FNDA:36,MockERC20.constructor
DA:24,36
DA:25,36
DA:26,36
DA:29,74
FN:29,MockERC20.mint
FNDA:74,MockERC20.mint
DA:30,74
DA:31,74
DA:32,74
DA:35,0
FN:35,MockERC20.transfer
FNDA:0,MockERC20.transfer
DA:36,0
BRDA:36,0,0,-
BRDA:36,0,1,-
DA:37,0
DA:38,0
DA:39,0
DA:40,0
DA:43,45
FN:43,MockERC20.transferFrom
FNDA:45,MockERC20.transferFrom
DA:44,45
DA:45,45
BRDA:45,1,0,1
DA:46,1
BRDA:46,2,0,-
BRDA:46,2,1,-
DA:47,1
DA:49,45
BRDA:49,3,0,-
BRDA:49,3,1,-
DA:50,45
DA:51,45
DA:52,45
DA:53,45
DA:56,145
FN:56,MockERC20.approve
FNDA:145,MockERC20.approve
DA:57,145
DA:58,145
DA:66,1
FN:66,MockFlashLoanReceiver.setShouldRepay
FNDA:1,MockFlashLoanReceiver.setShouldRepay
DA:67,1
DA:70,2
FN:70,MockFlashLoanReceiver.executeOperation
FNDA:2,MockFlashLoanReceiver.executeOperation
DA:77,2
BRDA:77,4,0,1
DA:81,1
DA:82,1
FNF:7
FNH:6
LF:33
LH:27
BRF:8
BRH:2
end_of_record
TN:
SF:test/GoodStable.t.sol
DA:28,94
FN:28,MockToken.constructor.0
FNDA:94,MockToken.constructor.0
DA:29,94
DA:30,94
DA:31,94
DA:34,126
FN:34,MockToken.mint
FNDA:126,MockToken.mint
DA:35,126
DA:36,126
DA:37,126
DA:40,10
FN:40,MockToken.transfer
FNDA:10,MockToken.transfer
DA:41,10
BRDA:41,0,0,-
BRDA:41,0,1,-
DA:42,10
DA:43,10
DA:44,10
DA:45,10
DA:48,23
FN:48,MockToken.transferFrom
FNDA:23,MockToken.transferFrom
DA:49,23
DA:50,23
BRDA:50,1,0,23
DA:51,23
BRDA:51,2,0,-
BRDA:51,2,1,-
DA:52,23
DA:54,23
BRDA:54,3,0,-
BRDA:54,3,1,-
DA:55,23
DA:56,23
DA:57,23
DA:58,23
DA:61,24
FN:61,MockToken.approve
FNDA:24,MockToken.approve
DA:62,24
DA:63,24
DA:64,24
DA:78,31
FN:78,MockFeeSplitter.constructor.1
FNDA:31,MockFeeSplitter.constructor.1
DA:79,31
DA:83,0
FN:83,MockFeeSplitter.splitFee
FNDA:0,MockFeeSplitter.splitFee
DA:88,0
DA:89,0
DA:90,0
DA:91,0
DA:92,0
DA:93,0
DA:97,14
FN:97,MockFeeSplitter.splitFeeToken
FNDA:14,MockFeeSplitter.splitFeeToken
DA:101,14
DA:102,14
DA:103,14
DA:104,14
DA:105,14
DA:106,14
DA:114,95
FN:114,MockOracle.setPrice
FNDA:95,MockOracle.setPrice
DA:115,95
DA:118,18
FN:118,MockOracle.getPrice
FNDA:18,MockOracle.getPrice
DA:119,18
FNF:10
FNH:9
LF:48
LH:41
BRF:7
BRH:1
end_of_record
TN:
SF:test/GoodYield.t.sol
DA:20,22
FN:20,MockERC20.constructor.0
FNDA:22,MockERC20.constructor.0
DA:21,22
DA:22,22
DA:25,48
FN:25,MockERC20.mint
FNDA:48,MockERC20.mint
DA:26,48
DA:27,48
DA:30,62
FN:30,MockERC20.approve
FNDA:62,MockERC20.approve
DA:31,62
DA:32,62
DA:35,8
FN:35,MockERC20.transfer
FNDA:8,MockERC20.transfer
DA:36,8
DA:37,8
DA:38,8
DA:41,29
FN:41,MockERC20.transferFrom
FNDA:29,MockERC20.transferFrom
DA:42,29
DA:43,29
DA:44,29
DA:45,29
DA:51,2
FN:51,MockUBIFeeSplitter.splitFeeToken
FNDA:2,MockUBIFeeSplitter.splitFeeToken
DA:52,2
DA:53,2
DA:63,28
FN:63,MockStrategy.constructor.1
FNDA:28,MockStrategy.constructor.1
DA:64,28
DA:67,33
FN:67,MockStrategy.totalAssets
FNDA:33,MockStrategy.totalAssets
DA:68,33
DA:71,14
FN:71,MockStrategy.deposit
FNDA:14,MockStrategy.deposit
DA:72,14
DA:73,14
DA:76,4
FN:76,MockStrategy.withdraw
FNDA:4,MockStrategy.withdraw
DA:77,4
BRDA:77,0,0,-
DA:78,4
DA:79,4
DA:80,0
DA:83,3
FN:83,MockStrategy.harvest
FNDA:3,MockStrategy.harvest
DA:84,3
BRDA:84,1,0,2
DA:85,2
DA:87,2
DA:88,2
DA:89,2
DA:93,2
FN:93,MockStrategy.emergencyWithdraw
FNDA:2,MockStrategy.emergencyWithdraw
DA:94,2
DA:95,2
DA:96,2
DA:97,2
DA:98,0
DA:102,2
FN:102,MockStrategy.setGrowth
FNDA:2,MockStrategy.setGrowth
DA:103,2
FNF:13
FNH:13
LF:47
LH:45
BRF:2
BRH:1
end_of_record
TN:
SF:test/YieldStrategies.t.sol
DA:18,50
FN:18,MockToken.constructor.0
FNDA:50,MockToken.constructor.0
DA:19,50
DA:20,50
DA:23,41
FN:23,MockToken.mint
FNDA:41,MockToken.mint
DA:24,41
DA:25,41
DA:28,0
FN:28,MockToken.burn
FNDA:0,MockToken.burn
DA:29,0
DA:30,0
DA:33,53
FN:33,MockToken.approve
FNDA:53,MockToken.approve
DA:34,53
DA:35,53
DA:38,4
FN:38,MockToken.transfer
FNDA:4,MockToken.transfer
DA:39,4
BRDA:39,0,0,-
BRDA:39,0,1,-
DA:40,4
DA:41,4
DA:42,4
DA:45,38
FN:45,MockToken.transferFrom
FNDA:38,MockToken.transferFrom
DA:46,38
BRDA:46,1,0,-
BRDA:46,1,1,-
DA:47,38
BRDA:47,2,0,-
BRDA:47,2,1,-
DA:48,38
DA:49,38
DA:50,38
DA:51,38
DA:62,14
FN:62,MockGToken.setBalance
FNDA:14,MockGToken.setBalance
DA:63,14
DA:66,22
FN:66,MockGToken.balanceOf
FNDA:22,MockGToken.balanceOf
DA:67,22
DA:70,0
FN:70,MockGToken.scaledBalanceOf
FNDA:0,MockGToken.scaledBalanceOf
DA:71,0
DA:84,16
FN:84,MockLendPool.constructor.1
FNDA:16,MockLendPool.constructor.1
DA:85,16
DA:86,16
DA:89,9
FN:89,MockLendPool.supply
FNDA:9,MockLendPool.supply
DA:91,9
DA:92,9
DA:93,9
DA:94,9
DA:97,3
FN:97,MockLendPool.withdraw.0
FNDA:3,MockLendPool.withdraw.0
DA:99,3
DA:100,3
BRDA:100,3,0,-
DA:101,3
DA:102,3
DA:103,3
DA:104,0
DA:107,0
FN:107,MockLendPool.getReserveData
FNDA:0,MockLendPool.getReserveData
DA:111,0
DA:123,17
FN:123,MockStabilityPool.constructor.2
FNDA:17,MockStabilityPool.constructor.2
DA:124,17
DA:127,2
FN:127,MockStabilityPool.setGain
FNDA:2,MockStabilityPool.setGain
DA:128,2
DA:132,2
FN:132,MockStabilityPool.setDepositorBalance
FNDA:2,MockStabilityPool.setDepositorBalance
DA:133,2
DA:136,10
FN:136,MockStabilityPool.deposit
FNDA:10,MockStabilityPool.deposit
DA:137,10
DA:138,10
DA:139,10
DA:142,3
FN:142,MockStabilityPool.withdraw.1
FNDA:3,MockStabilityPool.withdraw.1
DA:143,3
BRDA:143,4,0,-
BRDA:143,4,1,-
DA:144,3
DA:145,3
DA:146,3
DA:149,11
FN:149,MockStabilityPool.getDepositorBalance
FNDA:11,MockStabilityPool.getDepositorBalance
DA:150,11
DA:153,5
FN:153,MockStabilityPool.getDepositorGain
FNDA:5,MockStabilityPool.getDepositorGain
DA:154,5
DA:157,2
FN:157,MockStabilityPool.claimGains
FNDA:2,MockStabilityPool.claimGains
DA:158,2
DA:159,2
DA:160,0
FNF:21
FNH:18
LF:70
LH:61
BRF:9
BRH:0
end_of_record
TN:
SF:test/bridge/FastWithdrawalLP.t.sol
DA:16,24
FN:16,MockToken.mint
FNDA:24,MockToken.mint
DA:17,24
DA:18,24
DA:21,24
FN:21,MockToken.approve
FNDA:24,MockToken.approve
DA:22,24
DA:23,24
DA:26,14
FN:26,MockToken.transfer
FNDA:14,MockToken.transfer
DA:27,14
BRDA:27,0,0,-
BRDA:27,0,1,-
DA:28,14
DA:29,14
DA:30,14
DA:33,11
FN:33,MockToken.transferFrom
FNDA:11,MockToken.transferFrom
DA:34,11
BRDA:34,1,0,-
BRDA:34,1,1,-
DA:35,11
BRDA:35,2,0,-
BRDA:35,2,1,-
DA:36,11
DA:37,11
DA:38,11
DA:39,11
FNF:4
FNH:4
LF:18
LH:18
BRF:6
BRH:0
end_of_record
TN:
SF:test/bridge/MultiChainBridge.t.sol
DA:17,24
FN:17,MockToken.mint
FNDA:24,MockToken.mint
DA:18,24
DA:19,24
DA:22,17
FN:22,MockToken.approve
FNDA:17,MockToken.approve
DA:23,17
DA:24,17
DA:27,10
FN:27,MockToken.transfer
FNDA:10,MockToken.transfer
DA:28,10
BRDA:28,0,0,-
BRDA:28,0,1,-
DA:29,10
DA:30,10
DA:31,10
DA:34,15
FN:34,MockToken.transferFrom
FNDA:15,MockToken.transferFrom
DA:35,15
BRDA:35,1,0,-
BRDA:35,1,1,-
DA:36,15
BRDA:36,2,0,-
BRDA:36,2,1,-
DA:37,15
DA:38,15
DA:39,15
DA:40,15
DA:52,5
FN:52,MockLiFiAggregator.initiateSwap
FNDA:5,MockLiFiAggregator.initiateSwap
DA:62,5
DA:63,5
DA:64,5
DA:65,5
DA:66,5
DA:67,5
DA:68,5
DA:71,2
FN:71,MockLiFiAggregator.initiateSwapETH
FNDA:2,MockLiFiAggregator.initiateSwapETH
DA:78,2
DA:79,2
DA:80,2
DA:81,2
DA:82,2
DA:94,1
FN:94,MockNativeBridge.initiateWithdrawal
FNDA:1,MockNativeBridge.initiateWithdrawal
DA:95,1
DA:96,1
DA:97,1
DA:98,1
DA:101,1
FN:101,MockNativeBridge.initiateETHWithdrawal
FNDA:1,MockNativeBridge.initiateETHWithdrawal
DA:102,1
DA:103,1
DA:104,1
DA:111,0
FN:111,MockFastWithdrawalLP.claimFastWithdrawal
FNDA:0,MockFastWithdrawalLP.claimFastWithdrawal
FNF:9
FNH:8
LF:42
LH:41
BRF:6
BRH:0
end_of_record
TN:
SF:test/governance/GoodDAO.t.sol
DA:12,1
FN:12,GovernanceTarget.setValue
FNDA:1,GovernanceTarget.setValue
FNF:1
FNH:1
LF:1
LH:1
BRF:0
BRH:0
end_of_record
TN:
SF:test/governance/GoodTimelock.t.sol
DA:9,5
FN:9,Counter.increment
FNDA:5,Counter.increment
DA:10,1
FN:10,Counter.setValue
FNDA:1,Counter.setValue
DA:11,1
FN:11,Counter.fail_always
FNDA:1,Counter.fail_always
FNF:3
FNH:3
LF:3
LH:3
BRF:0
BRH:0
end_of_record
TN:
SF:test/perps/GoodPerps.t.sol
DA:16,27
FN:16,MockPerpFeed.constructor.0
FNDA:27,MockPerpFeed.constructor.0
DA:17,27
DA:20,7
FN:20,MockPerpFeed.setPrice
FNDA:7,MockPerpFeed.setPrice
DA:21,7
DA:24,0
FN:24,MockPerpFeed.decimals
FNDA:0,MockPerpFeed.decimals
DA:26,21
FN:26,MockPerpFeed.latestRoundData
FNDA:21,MockPerpFeed.latestRoundData
DA:31,21
DA:41,27
FN:41,MockPerpFeeSplitter.constructor.1
FNDA:27,MockPerpFeeSplitter.constructor.1
DA:42,27
DA:45,12
FN:45,MockPerpFeeSplitter.splitFee
FNDA:12,MockPerpFeeSplitter.splitFee
DA:46,12
DA:47,12
DA:48,12
FNF:6
FNH:5
LF:13
LH:12
BRF:0
BRH:0
end_of_record
TN:
SF:test/predict/GoodPredict.t.sol
DA:15,29
FN:15,MockPredictFeeSplitter.constructor
FNDA:29,MockPredictFeeSplitter.constructor
DA:16,29
DA:19,4
FN:19,MockPredictFeeSplitter.splitFee
FNDA:4,MockPredictFeeSplitter.splitFee
DA:20,4
DA:21,4
DA:22,4
FNF:2
FNH:2
LF:6
LH:6
BRF:0
BRH:0
end_of_record
TN:
SF:test/predict/OptimisticResolver.t.sol
DA:19,6
FN:19,MockMarketFactory.resolve
FNDA:6,MockMarketFactory.resolve
DA:20,6
DA:23,2
FN:23,MockMarketFactory.isResolved
FNDA:2,MockMarketFactory.isResolved
DA:24,2
DA:27,5
FN:27,MockMarketFactory.outcome
FNDA:5,MockMarketFactory.outcome
DA:28,5
DA:38,14
FN:38,MockResolverFeeSplitter.constructor
FNDA:14,MockResolverFeeSplitter.constructor
DA:39,14
DA:42,2
FN:42,MockResolverFeeSplitter.splitFee
FNDA:2,MockResolverFeeSplitter.splitFee
DA:43,2
DA:44,2
DA:45,2
FNF:5
FNH:5
LF:12
LH:12
BRF:0
BRH:0
end_of_record
TN:
SF:test/stocks/GoodStocks.t.sol
DA:18,46
FN:18,MockChainlinkFeed.constructor.0
FNDA:46,MockChainlinkFeed.constructor.0
DA:19,46
DA:20,46
DA:23,2
FN:23,MockChainlinkFeed.setPrice
FNDA:2,MockChainlinkFeed.setPrice
DA:24,2
DA:25,2
DA:28,1
FN:28,MockChainlinkFeed.setUpdatedAt
FNDA:1,MockChainlinkFeed.setUpdatedAt
DA:29,1
DA:32,43
FN:32,MockChainlinkFeed.latestRoundData
FNDA:43,MockChainlinkFeed.latestRoundData
DA:37,43
DA:47,46
FN:47,MockFeeSplitter.constructor.1
FNDA:46,MockFeeSplitter.constructor.1
DA:48,46
DA:51,22
FN:51,MockFeeSplitter.splitFee
FNDA:22,MockFeeSplitter.splitFee
DA:52,22
BRDA:52,0,0,22
DA:53,22
DA:55,22
DA:56,22
FNF:6
FNH:6
LF:17
LH:17
BRF:1
BRH:1
end_of_record
TN:
SF:test/swap/GoodSwap.t.sol
DA:20,54
FN:20,Token.constructor.0
FNDA:54,Token.constructor.0
DA:21,54
DA:22,54
DA:23,54
DA:26,62
FN:26,Token.mint
FNDA:62,Token.mint
DA:27,62
DA:28,62
DA:29,62
DA:32,13
FN:32,Token.transfer
FNDA:13,Token.transfer
DA:33,13
BRDA:33,0,0,-
BRDA:33,0,1,-
DA:34,13
DA:35,13
DA:36,13
DA:37,13
DA:40,0
FN:40,Token.transferFrom
FNDA:0,Token.transferFrom
DA:41,0
BRDA:41,1,0,-
BRDA:41,1,1,-
DA:42,0
BRDA:42,2,0,-
BRDA:42,2,1,-
DA:43,0
DA:44,0
DA:45,0
DA:46,0
DA:47,0
DA:50,0
FN:50,Token.approve
FNDA:0,Token.approve
DA:51,0
DA:52,0
DA:53,0
DA:71,1
FN:71,FlashCallee.constructor.1
FNDA:1,FlashCallee.constructor.1
DA:73,1
FN:73,FlashCallee.setRepay
FNDA:1,FlashCallee.setRepay
DA:74,1
DA:75,1
DA:78,1
FN:78,FlashCallee.goodSwapCall.0
FNDA:1,FlashCallee.goodSwapCall.0
DA:84,1
DA:85,1
DA:86,1
DA:87,1
DA:89,1
BRDA:89,3,0,1
DA:90,1
DA:480,1
FN:480,ReentrantCallee.constructor.2
FNDA:1,ReentrantCallee.constructor.2
DA:481,1
DA:482,1
DA:485,1
FN:485,ReentrantCallee.prepare
FNDA:1,ReentrantCallee.prepare
DA:486,1
DA:487,1
DA:488,1
DA:489,1
DA:492,1
FN:492,ReentrantCallee.goodSwapCall.1
FNDA:1,ReentrantCallee.goodSwapCall.1
DA:494,1
FNF:11
FNH:9
LF:47
LH:35
BRF:7
BRH:1
end_of_record
TN:
SF:test/swap/LiFiBridgeAggregator.t.sol
DA:15,23
FN:15,MockERC20.constructor
FNDA:23,MockERC20.constructor
DA:16,23
DA:17,23
DA:20,23
FN:20,MockERC20.mint
FNDA:23,MockERC20.mint
DA:21,23
DA:24,10
FN:24,MockERC20.approve
FNDA:10,MockERC20.approve
DA:25,10
DA:26,10
DA:29,11
FN:29,MockERC20.transfer
FNDA:11,MockERC20.transfer
DA:30,11
DA:31,11
DA:32,11
DA:35,9
FN:35,MockERC20.transferFrom
FNDA:9,MockERC20.transferFrom
DA:36,9
DA:37,9
DA:38,9
DA:39,9
FNF:5
FNH:5
LF:17
LH:17
BRF:0
BRH:0
end_of_record
